[Fri Oct 28 05:43:38.294803 2016] [ssl:warn] [pid 4500:tid 304] AH01909: www.example.com:443:0 server certificate does NOT include an ID which matches the server name
[Fri Oct 28 05:43:38.711511 2016] [ssl:warn] [pid 4500:tid 304] AH01909: www.example.com:443:0 server certificate does NOT include an ID which matches the server name
[Fri Oct 28 05:43:38.836597 2016] [mpm_winnt:notice] [pid 4500:tid 304] AH00455: Apache/2.4.23 (Win32) OpenSSL/1.0.2h PHP/5.6.24 configured -- resuming normal operations
[Fri Oct 28 05:43:38.836597 2016] [mpm_winnt:notice] [pid 4500:tid 304] AH00456: Apache Lounge VC11 Server built: Jul  7 2016 11:13:22
[Fri Oct 28 05:43:38.836597 2016] [core:notice] [pid 4500:tid 304] AH00094: Command line: 'C:\\xampp\\apache\\bin\\httpd.exe -d C:/xampp/apache'
[Fri Oct 28 05:43:38.844602 2016] [mpm_winnt:notice] [pid 4500:tid 304] AH00418: Parent: Created child process 6680
[Fri Oct 28 05:43:39.657141 2016] [ssl:warn] [pid 6680:tid 316] AH01909: www.example.com:443:0 server certificate does NOT include an ID which matches the server name
[Fri Oct 28 05:43:40.018383 2016] [ssl:warn] [pid 6680:tid 316] AH01909: www.example.com:443:0 server certificate does NOT include an ID which matches the server name
[Fri Oct 28 05:43:40.113447 2016] [mpm_winnt:notice] [pid 6680:tid 316] AH00354: Child: Starting 150 worker threads.
[Fri Oct 28 05:50:25.348183 2016] [ssl:warn] [pid 6512:tid 312] AH01909: www.example.com:443:0 server certificate does NOT include an ID which matches the server name
[Fri Oct 28 05:50:25.532314 2016] [ssl:warn] [pid 6512:tid 312] AH01909: www.example.com:443:0 server certificate does NOT include an ID which matches the server name
[Fri Oct 28 05:50:25.585352 2016] [mpm_winnt:notice] [pid 6512:tid 312] AH00455: Apache/2.4.23 (Win32) OpenSSL/1.0.2h PHP/5.6.24 configured -- resuming normal operations
[Fri Oct 28 05:50:25.585352 2016] [mpm_winnt:notice] [pid 6512:tid 312] AH00456: Apache Lounge VC11 Server built: Jul  7 2016 11:13:22
[Fri Oct 28 05:50:25.585352 2016] [core:notice] [pid 6512:tid 312] AH00094: Command line: 'c:\\xampp\\apache\\bin\\httpd.exe -d C:/xampp/apache'
[Fri Oct 28 05:50:25.594358 2016] [mpm_winnt:notice] [pid 6512:tid 312] AH00418: Parent: Created child process 92
[Fri Oct 28 05:50:26.293142 2016] [ssl:warn] [pid 92:tid 328] AH01909: www.example.com:443:0 server certificate does NOT include an ID which matches the server name
[Fri Oct 28 05:50:26.524769 2016] [ssl:warn] [pid 92:tid 328] AH01909: www.example.com:443:0 server certificate does NOT include an ID which matches the server name
[Fri Oct 28 05:50:26.588815 2016] [mpm_winnt:notice] [pid 92:tid 328] AH00354: Child: Starting 150 worker threads.
[Fri Oct 28 06:42:01.434682 2016] [ssl:warn] [pid 7836:tid 320] AH01909: www.example.com:443:0 server certificate does NOT include an ID which matches the server name
[Fri Oct 28 06:42:01.506685 2016] [core:warn] [pid 7836:tid 320] AH00098: pid file C:/xampp/apache/logs/httpd.pid overwritten -- Unclean shutdown of previous Apache run?
[Fri Oct 28 06:42:01.593743 2016] [ssl:warn] [pid 7836:tid 320] AH01909: www.example.com:443:0 server certificate does NOT include an ID which matches the server name
PHP Warning:  Module 'openssl' already loaded in Unknown on line 0
[Fri Oct 28 06:42:01.805254 2016] [mpm_winnt:notice] [pid 7836:tid 320] AH00455: Apache/2.4.23 (Win32) OpenSSL/1.0.2h PHP/5.6.24 configured -- resuming normal operations
[Fri Oct 28 06:42:01.805254 2016] [mpm_winnt:notice] [pid 7836:tid 320] AH00456: Apache Lounge VC11 Server built: Jul  7 2016 11:13:22
[Fri Oct 28 06:42:01.805254 2016] [core:notice] [pid 7836:tid 320] AH00094: Command line: 'c:\\xampp\\apache\\bin\\httpd.exe -d C:/xampp/apache'
[Fri Oct 28 06:42:01.814260 2016] [mpm_winnt:notice] [pid 7836:tid 320] AH00418: Parent: Created child process 3276
[Fri Oct 28 06:42:02.454977 2016] [ssl:warn] [pid 3276:tid 320] AH01909: www.example.com:443:0 server certificate does NOT include an ID which matches the server name
[Fri Oct 28 06:42:02.620118 2016] [ssl:warn] [pid 3276:tid 320] AH01909: www.example.com:443:0 server certificate does NOT include an ID which matches the server name
PHP Warning:  Module 'openssl' already loaded in Unknown on line 0
[Fri Oct 28 06:42:02.766219 2016] [mpm_winnt:notice] [pid 3276:tid 320] AH00354: Child: Starting 150 worker threads.
[Fri Oct 28 11:33:12.051066 2016] [:error] [pid 3276:tid 1672] [client ::1:56358] PHP Fatal error:  Maximum execution time of 30 seconds exceeded in C:\\xampp\\htdocs\\trip38\\vendor\\laravel\\framework\\src\\Illuminate\\Mail\\Message.php on line 6, referer: http://localhost/trip38/password/email
[Tue Dec 06 09:34:59.931449 2016] [ssl:warn] [pid 8648:tid 424] AH01909: www.example.com:443:0 server certificate does NOT include an ID which matches the server name
[Tue Dec 06 09:35:00.087716 2016] [core:warn] [pid 8648:tid 424] AH00098: pid file C:/xampp/apache/logs/httpd.pid overwritten -- Unclean shutdown of previous Apache run?
[Tue Dec 06 09:35:00.199705 2016] [ssl:warn] [pid 8648:tid 424] AH01909: www.example.com:443:0 server certificate does NOT include an ID which matches the server name
PHP Warning:  Module 'openssl' already loaded in Unknown on line 0
[Tue Dec 06 09:35:01.413384 2016] [mpm_winnt:notice] [pid 8648:tid 424] AH00455: Apache/2.4.23 (Win32) OpenSSL/1.0.2h PHP/5.6.24 configured -- resuming normal operations
[Tue Dec 06 09:35:01.413384 2016] [mpm_winnt:notice] [pid 8648:tid 424] AH00456: Apache Lounge VC11 Server built: Jul  7 2016 11:13:22
[Tue Dec 06 09:35:01.413384 2016] [core:notice] [pid 8648:tid 424] AH00094: Command line: 'c:\\xampp\\apache\\bin\\httpd.exe -d C:/xampp/apache'
[Tue Dec 06 09:35:01.417387 2016] [mpm_winnt:notice] [pid 8648:tid 424] AH00418: Parent: Created child process 7540
[Tue Dec 06 09:35:02.000890 2016] [ssl:warn] [pid 7540:tid 384] AH01909: www.example.com:443:0 server certificate does NOT include an ID which matches the server name
[Tue Dec 06 09:35:02.164190 2016] [ssl:warn] [pid 7540:tid 384] AH01909: www.example.com:443:0 server certificate does NOT include an ID which matches the server name
PHP Warning:  Module 'openssl' already loaded in Unknown on line 0
[Tue Dec 06 09:35:02.223231 2016] [mpm_winnt:notice] [pid 7540:tid 384] AH00354: Child: Starting 150 worker threads.
[Tue Dec 06 16:49:54.741829 2016] [ssl:warn] [pid 6544:tid 420] AH01909: www.example.com:443:0 server certificate does NOT include an ID which matches the server name
[Tue Dec 06 16:49:55.040391 2016] [core:warn] [pid 6544:tid 420] AH00098: pid file C:/xampp/apache/logs/httpd.pid overwritten -- Unclean shutdown of previous Apache run?
[Tue Dec 06 16:49:55.211459 2016] [ssl:warn] [pid 6544:tid 420] AH01909: www.example.com:443:0 server certificate does NOT include an ID which matches the server name
PHP Warning:  Module 'openssl' already loaded in Unknown on line 0
[Tue Dec 06 16:49:56.639684 2016] [mpm_winnt:notice] [pid 6544:tid 420] AH00455: Apache/2.4.23 (Win32) OpenSSL/1.0.2h PHP/5.6.24 configured -- resuming normal operations
[Tue Dec 06 16:49:56.639684 2016] [mpm_winnt:notice] [pid 6544:tid 420] AH00456: Apache Lounge VC11 Server built: Jul  7 2016 11:13:22
[Tue Dec 06 16:49:56.639684 2016] [core:notice] [pid 6544:tid 420] AH00094: Command line: 'c:\\xampp\\apache\\bin\\httpd.exe -d C:/xampp/apache'
[Tue Dec 06 16:49:56.643594 2016] [mpm_winnt:notice] [pid 6544:tid 420] AH00418: Parent: Created child process 7932
[Tue Dec 06 16:49:57.498972 2016] [ssl:warn] [pid 7932:tid 428] AH01909: www.example.com:443:0 server certificate does NOT include an ID which matches the server name
[Tue Dec 06 16:49:57.687645 2016] [ssl:warn] [pid 7932:tid 428] AH01909: www.example.com:443:0 server certificate does NOT include an ID which matches the server name
PHP Warning:  Module 'openssl' already loaded in Unknown on line 0
[Tue Dec 06 16:49:57.770800 2016] [mpm_winnt:notice] [pid 7932:tid 428] AH00354: Child: Starting 150 worker threads.
[Thu Feb 23 08:52:20.615411 2017] [ssl:warn] [pid 9148:tid 384] AH01909: www.example.com:443:0 server certificate does NOT include an ID which matches the server name
[Thu Feb 23 08:52:20.740417 2017] [core:warn] [pid 9148:tid 384] AH00098: pid file C:/xampp/apache/logs/httpd.pid overwritten -- Unclean shutdown of previous Apache run?
[Thu Feb 23 08:52:20.859703 2017] [ssl:warn] [pid 9148:tid 384] AH01909: www.example.com:443:0 server certificate does NOT include an ID which matches the server name
PHP Warning:  Module 'openssl' already loaded in Unknown on line 0
[Thu Feb 23 08:52:22.258114 2017] [mpm_winnt:notice] [pid 9148:tid 384] AH00455: Apache/2.4.23 (Win32) OpenSSL/1.0.2h PHP/5.6.24 configured -- resuming normal operations
[Thu Feb 23 08:52:22.258114 2017] [mpm_winnt:notice] [pid 9148:tid 384] AH00456: Apache Lounge VC11 Server built: Jul  7 2016 11:13:22
[Thu Feb 23 08:52:22.258114 2017] [core:notice] [pid 9148:tid 384] AH00094: Command line: 'c:\\xampp\\apache\\bin\\httpd.exe -d C:/xampp/apache'
[Thu Feb 23 08:52:22.258114 2017] [mpm_winnt:notice] [pid 9148:tid 384] AH00418: Parent: Created child process 11504
[Thu Feb 23 08:52:23.008152 2017] [ssl:warn] [pid 11504:tid 344] AH01909: www.example.com:443:0 server certificate does NOT include an ID which matches the server name
[Thu Feb 23 08:52:23.242538 2017] [ssl:warn] [pid 11504:tid 344] AH01909: www.example.com:443:0 server certificate does NOT include an ID which matches the server name
PHP Warning:  Module 'openssl' already loaded in Unknown on line 0
[Thu Feb 23 08:52:23.320669 2017] [mpm_winnt:notice] [pid 11504:tid 344] AH00354: Child: Starting 150 worker threads.
[Thu Feb 23 14:13:28.501109 2017] [ssl:warn] [pid 9324:tid 384] AH01909: www.example.com:443:0 server certificate does NOT include an ID which matches the server name
[Thu Feb 23 14:13:28.610498 2017] [core:warn] [pid 9324:tid 384] AH00098: pid file C:/xampp/apache/logs/httpd.pid overwritten -- Unclean shutdown of previous Apache run?
[Thu Feb 23 14:13:28.751122 2017] [ssl:warn] [pid 9324:tid 384] AH01909: www.example.com:443:0 server certificate does NOT include an ID which matches the server name
PHP Warning:  Module 'openssl' already loaded in Unknown on line 0
[Thu Feb 23 14:13:28.829254 2017] [mpm_winnt:notice] [pid 9324:tid 384] AH00455: Apache/2.4.23 (Win32) OpenSSL/1.0.2h PHP/5.6.24 configured -- resuming normal operations
[Thu Feb 23 14:13:28.829254 2017] [mpm_winnt:notice] [pid 9324:tid 384] AH00456: Apache Lounge VC11 Server built: Jul  7 2016 11:13:22
[Thu Feb 23 14:13:28.829254 2017] [core:notice] [pid 9324:tid 384] AH00094: Command line: 'c:\\xampp\\apache\\bin\\httpd.exe -d C:/xampp/apache'
[Thu Feb 23 14:13:28.829254 2017] [mpm_winnt:notice] [pid 9324:tid 384] AH00418: Parent: Created child process 10880
[Thu Feb 23 14:13:29.543271 2017] [ssl:warn] [pid 10880:tid 396] AH01909: www.example.com:443:0 server certificate does NOT include an ID which matches the server name
[Thu Feb 23 14:13:29.793282 2017] [ssl:warn] [pid 10880:tid 396] AH01909: www.example.com:443:0 server certificate does NOT include an ID which matches the server name
PHP Warning:  Module 'openssl' already loaded in Unknown on line 0
[Thu Feb 23 14:13:29.824537 2017] [mpm_winnt:notice] [pid 10880:tid 396] AH00354: Child: Starting 150 worker threads.
[Sat Feb 25 08:37:51.970963 2017] [ssl:warn] [pid 11152:tid 340] AH01909: www.example.com:443:0 server certificate does NOT include an ID which matches the server name
[Sat Feb 25 08:37:52.206973 2017] [core:warn] [pid 11152:tid 340] AH00098: pid file C:/xampp/apache/logs/httpd.pid overwritten -- Unclean shutdown of previous Apache run?
[Sat Feb 25 08:37:52.378940 2017] [ssl:warn] [pid 11152:tid 340] AH01909: www.example.com:443:0 server certificate does NOT include an ID which matches the server name
PHP Warning:  Module 'openssl' already loaded in Unknown on line 0
[Sat Feb 25 08:37:53.267519 2017] [mpm_winnt:notice] [pid 11152:tid 340] AH00455: Apache/2.4.23 (Win32) OpenSSL/1.0.2h PHP/5.6.24 configured -- resuming normal operations
[Sat Feb 25 08:37:53.267519 2017] [mpm_winnt:notice] [pid 11152:tid 340] AH00456: Apache Lounge VC11 Server built: Jul  7 2016 11:13:22
[Sat Feb 25 08:37:53.267519 2017] [core:notice] [pid 11152:tid 340] AH00094: Command line: 'c:\\xampp\\apache\\bin\\httpd.exe -d C:/xampp/apache'
[Sat Feb 25 08:37:53.283514 2017] [mpm_winnt:notice] [pid 11152:tid 340] AH00418: Parent: Created child process 7672
[Sat Feb 25 08:37:53.946763 2017] [ssl:warn] [pid 7672:tid 336] AH01909: www.example.com:443:0 server certificate does NOT include an ID which matches the server name
[Sat Feb 25 08:37:54.186770 2017] [ssl:warn] [pid 7672:tid 336] AH01909: www.example.com:443:0 server certificate does NOT include an ID which matches the server name
PHP Warning:  Module 'openssl' already loaded in Unknown on line 0
[Sat Feb 25 08:37:54.274772 2017] [mpm_winnt:notice] [pid 7672:tid 336] AH00354: Child: Starting 150 worker threads.
[Fri Apr 07 06:21:01.346318 2017] [ssl:warn] [pid 9256:tid 52] AH01909: www.example.com:443:0 server certificate does NOT include an ID which matches the server name
[Fri Apr 07 06:21:02.050174 2017] [core:warn] [pid 9256:tid 52] AH00098: pid file C:/xampp/apache/logs/httpd.pid overwritten -- Unclean shutdown of previous Apache run?
[Fri Apr 07 06:21:02.746207 2017] [ssl:warn] [pid 9256:tid 52] AH01909: www.example.com:443:0 server certificate does NOT include an ID which matches the server name
PHP Warning:  Module 'openssl' already loaded in Unknown on line 0
[Fri Apr 07 06:21:06.731784 2017] [mpm_winnt:notice] [pid 9256:tid 52] AH00455: Apache/2.4.23 (Win32) OpenSSL/1.0.2h PHP/5.6.24 configured -- resuming normal operations
[Fri Apr 07 06:21:06.731784 2017] [mpm_winnt:notice] [pid 9256:tid 52] AH00456: Apache Lounge VC11 Server built: Jul  7 2016 11:13:22
[Fri Apr 07 06:21:06.731784 2017] [core:notice] [pid 9256:tid 52] AH00094: Command line: 'c:\\xampp\\apache\\bin\\httpd.exe -d C:/xampp/apache'
[Fri Apr 07 06:21:06.746447 2017] [mpm_winnt:notice] [pid 9256:tid 52] AH00418: Parent: Created child process 7528
[Fri Apr 07 06:21:09.417185 2017] [ssl:warn] [pid 7528:tid 368] AH01909: www.example.com:443:0 server certificate does NOT include an ID which matches the server name
[Fri Apr 07 06:21:10.186538 2017] [ssl:warn] [pid 7528:tid 368] AH01909: www.example.com:443:0 server certificate does NOT include an ID which matches the server name
PHP Warning:  Module 'openssl' already loaded in Unknown on line 0
[Fri Apr 07 06:21:10.468078 2017] [mpm_winnt:notice] [pid 7528:tid 368] AH00354: Child: Starting 150 worker threads.
[Fri Apr 07 06:21:10.648930 2017] [:error] [pid 7528:tid 1760] [client ::1:59938] PHP Notice:  Use of undefined constant year - assumed 'year' in C:\\xampp\\htdocs\\paperreco\\index.php on line 5
[Fri Apr 07 06:21:10.649907 2017] [:error] [pid 7528:tid 1760] [client ::1:59938] PHP Notice:  Use of undefined constant year - assumed 'year' in C:\\xampp\\htdocs\\paperreco\\index.php on line 5
[Fri Apr 07 06:21:10.650887 2017] [:error] [pid 7528:tid 1760] [client ::1:59938] PHP Notice:  Use of undefined constant year - assumed 'year' in C:\\xampp\\htdocs\\paperreco\\index.php on line 5
[Fri Apr 07 06:21:10.651861 2017] [:error] [pid 7528:tid 1760] [client ::1:59938] PHP Notice:  Use of undefined constant year - assumed 'year' in C:\\xampp\\htdocs\\paperreco\\index.php on line 5
[Fri Apr 07 06:21:10.652839 2017] [:error] [pid 7528:tid 1760] [client ::1:59938] PHP Notice:  Use of undefined constant year - assumed 'year' in C:\\xampp\\htdocs\\paperreco\\index.php on line 5
[Fri Apr 07 06:21:10.653819 2017] [:error] [pid 7528:tid 1760] [client ::1:59938] PHP Notice:  Use of undefined constant year - assumed 'year' in C:\\xampp\\htdocs\\paperreco\\index.php on line 5
[Fri Apr 07 06:21:10.654795 2017] [:error] [pid 7528:tid 1760] [client ::1:59938] PHP Notice:  Use of undefined constant year - assumed 'year' in C:\\xampp\\htdocs\\paperreco\\index.php on line 5
[Fri Apr 07 06:21:10.655774 2017] [:error] [pid 7528:tid 1760] [client ::1:59938] PHP Notice:  Use of undefined constant year - assumed 'year' in C:\\xampp\\htdocs\\paperreco\\index.php on line 5
[Fri Apr 07 06:21:10.656750 2017] [:error] [pid 7528:tid 1760] [client ::1:59938] PHP Notice:  Use of undefined constant year - assumed 'year' in C:\\xampp\\htdocs\\paperreco\\index.php on line 5
[Fri Apr 07 06:21:10.657726 2017] [:error] [pid 7528:tid 1760] [client ::1:59938] PHP Notice:  Use of undefined constant year - assumed 'year' in C:\\xampp\\htdocs\\paperreco\\index.php on line 5
[Fri Apr 07 06:21:10.658705 2017] [:error] [pid 7528:tid 1760] [client ::1:59938] PHP Notice:  Use of undefined constant year - assumed 'year' in C:\\xampp\\htdocs\\paperreco\\index.php on line 5
[Fri Apr 07 06:21:10.659682 2017] [:error] [pid 7528:tid 1760] [client ::1:59938] PHP Notice:  Use of undefined constant year - assumed 'year' in C:\\xampp\\htdocs\\paperreco\\index.php on line 5
[Fri Apr 07 06:21:10.660659 2017] [:error] [pid 7528:tid 1760] [client ::1:59938] PHP Notice:  Use of undefined constant year - assumed 'year' in C:\\xampp\\htdocs\\paperreco\\index.php on line 5
[Fri Apr 07 06:21:10.660659 2017] [:error] [pid 7528:tid 1760] [client ::1:59938] PHP Notice:  Use of undefined constant year - assumed 'year' in C:\\xampp\\htdocs\\paperreco\\index.php on line 5
[Fri Apr 07 06:21:10.662614 2017] [:error] [pid 7528:tid 1760] [client ::1:59938] PHP Notice:  Use of undefined constant year - assumed 'year' in C:\\xampp\\htdocs\\paperreco\\index.php on line 5
[Fri Apr 07 06:21:10.662614 2017] [:error] [pid 7528:tid 1760] [client ::1:59938] PHP Notice:  Use of undefined constant year - assumed 'year' in C:\\xampp\\htdocs\\paperreco\\index.php on line 5
[Fri Apr 07 06:21:10.663595 2017] [:error] [pid 7528:tid 1760] [client ::1:59938] PHP Notice:  Use of undefined constant year - assumed 'year' in C:\\xampp\\htdocs\\paperreco\\index.php on line 5
[Fri Apr 07 06:21:10.664571 2017] [:error] [pid 7528:tid 1760] [client ::1:59938] PHP Notice:  Use of undefined constant year - assumed 'year' in C:\\xampp\\htdocs\\paperreco\\index.php on line 5
[Fri Apr 07 06:21:10.665547 2017] [:error] [pid 7528:tid 1760] [client ::1:59938] PHP Notice:  Use of undefined constant year - assumed 'year' in C:\\xampp\\htdocs\\paperreco\\index.php on line 5
[Fri Apr 07 06:21:10.666526 2017] [:error] [pid 7528:tid 1760] [client ::1:59938] PHP Notice:  Use of undefined constant year - assumed 'year' in C:\\xampp\\htdocs\\paperreco\\index.php on line 5
[Fri Apr 07 06:21:10.667503 2017] [:error] [pid 7528:tid 1760] [client ::1:59938] PHP Notice:  Use of undefined constant year - assumed 'year' in C:\\xampp\\htdocs\\paperreco\\index.php on line 5
[Fri Apr 07 06:21:10.668481 2017] [:error] [pid 7528:tid 1760] [client ::1:59938] PHP Notice:  Use of undefined constant year - assumed 'year' in C:\\xampp\\htdocs\\paperreco\\index.php on line 5
[Fri Apr 07 06:21:10.669458 2017] [:error] [pid 7528:tid 1760] [client ::1:59938] PHP Notice:  Use of undefined constant year - assumed 'year' in C:\\xampp\\htdocs\\paperreco\\index.php on line 5
[Fri Apr 07 06:21:10.669458 2017] [:error] [pid 7528:tid 1760] [client ::1:59938] PHP Notice:  Use of undefined constant year - assumed 'year' in C:\\xampp\\htdocs\\paperreco\\index.php on line 5
[Fri Apr 07 06:21:10.671414 2017] [:error] [pid 7528:tid 1760] [client ::1:59938] PHP Notice:  Use of undefined constant year - assumed 'year' in C:\\xampp\\htdocs\\paperreco\\index.php on line 5
[Fri Apr 07 06:21:10.672393 2017] [:error] [pid 7528:tid 1760] [client ::1:59938] PHP Notice:  Use of undefined constant year - assumed 'year' in C:\\xampp\\htdocs\\paperreco\\index.php on line 5
[Fri Apr 07 06:21:10.673369 2017] [:error] [pid 7528:tid 1760] [client ::1:59938] PHP Notice:  Use of undefined constant year - assumed 'year' in C:\\xampp\\htdocs\\paperreco\\index.php on line 5
[Fri Apr 07 06:21:10.675325 2017] [:error] [pid 7528:tid 1760] [client ::1:59938] PHP Notice:  Use of undefined constant year - assumed 'year' in C:\\xampp\\htdocs\\paperreco\\index.php on line 5
[Fri Apr 07 06:21:10.676302 2017] [:error] [pid 7528:tid 1760] [client ::1:59938] PHP Notice:  Use of undefined constant year - assumed 'year' in C:\\xampp\\htdocs\\paperreco\\index.php on line 5
[Fri Apr 07 06:21:10.677281 2017] [:error] [pid 7528:tid 1760] [client ::1:59938] PHP Notice:  Use of undefined constant year - assumed 'year' in C:\\xampp\\htdocs\\paperreco\\index.php on line 5
[Fri Apr 07 06:21:10.678256 2017] [:error] [pid 7528:tid 1760] [client ::1:59938] PHP Notice:  Use of undefined constant year - assumed 'year' in C:\\xampp\\htdocs\\paperreco\\index.php on line 5
[Fri Apr 07 06:21:10.679234 2017] [:error] [pid 7528:tid 1760] [client ::1:59938] PHP Notice:  Use of undefined constant year - assumed 'year' in C:\\xampp\\htdocs\\paperreco\\index.php on line 5
[Fri Apr 07 06:21:10.680211 2017] [:error] [pid 7528:tid 1760] [client ::1:59938] PHP Notice:  Use of undefined constant year - assumed 'year' in C:\\xampp\\htdocs\\paperreco\\index.php on line 5
[Fri Apr 07 06:21:10.681191 2017] [:error] [pid 7528:tid 1760] [client ::1:59938] PHP Notice:  Use of undefined constant year - assumed 'year' in C:\\xampp\\htdocs\\paperreco\\index.php on line 5
[Fri Apr 07 06:21:10.682167 2017] [:error] [pid 7528:tid 1760] [client ::1:59938] PHP Notice:  Use of undefined constant year - assumed 'year' in C:\\xampp\\htdocs\\paperreco\\index.php on line 5
[Fri Apr 07 06:21:10.683144 2017] [:error] [pid 7528:tid 1760] [client ::1:59938] PHP Notice:  Use of undefined constant year - assumed 'year' in C:\\xampp\\htdocs\\paperreco\\index.php on line 5
[Fri Apr 07 06:21:10.684122 2017] [:error] [pid 7528:tid 1760] [client ::1:59938] PHP Notice:  Use of undefined constant year - assumed 'year' in C:\\xampp\\htdocs\\paperreco\\index.php on line 5
[Fri Apr 07 06:21:10.685104 2017] [:error] [pid 7528:tid 1760] [client ::1:59938] PHP Notice:  Use of undefined constant year - assumed 'year' in C:\\xampp\\htdocs\\paperreco\\index.php on line 5
[Fri Apr 07 06:21:10.689012 2017] [:error] [pid 7528:tid 1760] [client ::1:59938] PHP Notice:  Use of undefined constant year - assumed 'year' in C:\\xampp\\htdocs\\paperreco\\index.php on line 5
[Fri Apr 07 06:21:10.691944 2017] [:error] [pid 7528:tid 1760] [client ::1:59938] PHP Notice:  Use of undefined constant year - assumed 'year' in C:\\xampp\\htdocs\\paperreco\\index.php on line 5
[Fri Apr 07 06:21:10.693899 2017] [:error] [pid 7528:tid 1760] [client ::1:59938] PHP Notice:  Use of undefined constant year - assumed 'year' in C:\\xampp\\htdocs\\paperreco\\index.php on line 5
[Fri Apr 07 06:21:10.695854 2017] [:error] [pid 7528:tid 1760] [client ::1:59938] PHP Notice:  Use of undefined constant year - assumed 'year' in C:\\xampp\\htdocs\\paperreco\\index.php on line 5
[Fri Apr 07 06:21:10.696831 2017] [:error] [pid 7528:tid 1760] [client ::1:59938] PHP Notice:  Use of undefined constant year - assumed 'year' in C:\\xampp\\htdocs\\paperreco\\index.php on line 5
[Fri Apr 07 06:21:10.698787 2017] [:error] [pid 7528:tid 1760] [client ::1:59938] PHP Notice:  Use of undefined constant year - assumed 'year' in C:\\xampp\\htdocs\\paperreco\\index.php on line 5
[Fri Apr 07 06:21:10.699764 2017] [:error] [pid 7528:tid 1760] [client ::1:59938] PHP Notice:  Use of undefined constant year - assumed 'year' in C:\\xampp\\htdocs\\paperreco\\index.php on line 5
[Fri Apr 07 06:21:10.700741 2017] [:error] [pid 7528:tid 1760] [client ::1:59938] PHP Notice:  Use of undefined constant year - assumed 'year' in C:\\xampp\\htdocs\\paperreco\\index.php on line 5
[Fri Apr 07 06:21:10.701724 2017] [:error] [pid 7528:tid 1760] [client ::1:59938] PHP Notice:  Use of undefined constant year - assumed 'year' in C:\\xampp\\htdocs\\paperreco\\index.php on line 5
[Fri Apr 07 06:21:10.703674 2017] [:error] [pid 7528:tid 1760] [client ::1:59938] PHP Notice:  Use of undefined constant year - assumed 'year' in C:\\xampp\\htdocs\\paperreco\\index.php on line 5
[Fri Apr 07 06:21:10.704652 2017] [:error] [pid 7528:tid 1760] [client ::1:59938] PHP Notice:  Use of undefined constant year - assumed 'year' in C:\\xampp\\htdocs\\paperreco\\index.php on line 5
[Fri Apr 07 06:21:10.705630 2017] [:error] [pid 7528:tid 1760] [client ::1:59938] PHP Notice:  Use of undefined constant year - assumed 'year' in C:\\xampp\\htdocs\\paperreco\\index.php on line 5
[Fri Apr 07 06:21:10.706611 2017] [:error] [pid 7528:tid 1760] [client ::1:59938] PHP Notice:  Use of undefined constant year - assumed 'year' in C:\\xampp\\htdocs\\paperreco\\index.php on line 5
[Fri Apr 07 06:21:10.707589 2017] [:error] [pid 7528:tid 1760] [client ::1:59938] PHP Notice:  Use of undefined constant year - assumed 'year' in C:\\xampp\\htdocs\\paperreco\\index.php on line 5
[Fri Apr 07 06:21:10.708567 2017] [:error] [pid 7528:tid 1760] [client ::1:59938] PHP Notice:  Use of undefined constant year - assumed 'year' in C:\\xampp\\htdocs\\paperreco\\index.php on line 5
[Fri Apr 07 06:21:10.709543 2017] [:error] [pid 7528:tid 1760] [client ::1:59938] PHP Notice:  Use of undefined constant year - assumed 'year' in C:\\xampp\\htdocs\\paperreco\\index.php on line 5
[Fri Apr 07 06:21:10.710521 2017] [:error] [pid 7528:tid 1760] [client ::1:59938] PHP Notice:  Use of undefined constant year - assumed 'year' in C:\\xampp\\htdocs\\paperreco\\index.php on line 5
[Fri Apr 07 06:21:10.711499 2017] [:error] [pid 7528:tid 1760] [client ::1:59938] PHP Notice:  Use of undefined constant year - assumed 'year' in C:\\xampp\\htdocs\\paperreco\\index.php on line 5
[Fri Apr 07 06:21:10.712476 2017] [:error] [pid 7528:tid 1760] [client ::1:59938] PHP Notice:  Use of undefined constant year - assumed 'year' in C:\\xampp\\htdocs\\paperreco\\index.php on line 5
[Fri Apr 07 06:21:10.712476 2017] [:error] [pid 7528:tid 1760] [client ::1:59938] PHP Notice:  Use of undefined constant year - assumed 'year' in C:\\xampp\\htdocs\\paperreco\\index.php on line 5
[Fri Apr 07 06:21:10.713454 2017] [:error] [pid 7528:tid 1760] [client ::1:59938] PHP Notice:  Use of undefined constant year - assumed 'year' in C:\\xampp\\htdocs\\paperreco\\index.php on line 5
[Fri Apr 07 06:21:10.714431 2017] [:error] [pid 7528:tid 1760] [client ::1:59938] PHP Notice:  Use of undefined constant year - assumed 'year' in C:\\xampp\\htdocs\\paperreco\\index.php on line 5
[Fri Apr 07 06:21:10.716386 2017] [:error] [pid 7528:tid 1760] [client ::1:59938] PHP Notice:  Use of undefined constant year - assumed 'year' in C:\\xampp\\htdocs\\paperreco\\index.php on line 5
[Fri Apr 07 06:21:10.716386 2017] [:error] [pid 7528:tid 1760] [client ::1:59938] PHP Notice:  Use of undefined constant year - assumed 'year' in C:\\xampp\\htdocs\\paperreco\\index.php on line 5
[Fri Apr 07 06:21:10.717364 2017] [:error] [pid 7528:tid 1760] [client ::1:59938] PHP Notice:  Use of undefined constant year - assumed 'year' in C:\\xampp\\htdocs\\paperreco\\index.php on line 5
[Fri Apr 07 06:21:10.718341 2017] [:error] [pid 7528:tid 1760] [client ::1:59938] PHP Notice:  Use of undefined constant year - assumed 'year' in C:\\xampp\\htdocs\\paperreco\\index.php on line 5
[Fri Apr 07 06:21:10.719319 2017] [:error] [pid 7528:tid 1760] [client ::1:59938] PHP Notice:  Use of undefined constant year - assumed 'year' in C:\\xampp\\htdocs\\paperreco\\index.php on line 5
[Fri Apr 07 06:21:10.721271 2017] [:error] [pid 7528:tid 1760] [client ::1:59938] PHP Notice:  Use of undefined constant year - assumed 'year' in C:\\xampp\\htdocs\\paperreco\\index.php on line 5
[Fri Apr 07 06:21:10.723226 2017] [:error] [pid 7528:tid 1760] [client ::1:59938] PHP Notice:  Use of undefined constant year - assumed 'year' in C:\\xampp\\htdocs\\paperreco\\index.php on line 5
[Fri Apr 07 06:21:10.725182 2017] [:error] [pid 7528:tid 1760] [client ::1:59938] PHP Notice:  Use of undefined constant year - assumed 'year' in C:\\xampp\\htdocs\\paperreco\\index.php on line 5
[Fri Apr 07 06:21:10.726158 2017] [:error] [pid 7528:tid 1760] [client ::1:59938] PHP Notice:  Use of undefined constant year - assumed 'year' in C:\\xampp\\htdocs\\paperreco\\index.php on line 5
[Fri Apr 07 06:21:10.727136 2017] [:error] [pid 7528:tid 1760] [client ::1:59938] PHP Notice:  Use of undefined constant year - assumed 'year' in C:\\xampp\\htdocs\\paperreco\\index.php on line 5
[Fri Apr 07 06:21:10.729091 2017] [:error] [pid 7528:tid 1760] [client ::1:59938] PHP Notice:  Use of undefined constant year - assumed 'year' in C:\\xampp\\htdocs\\paperreco\\index.php on line 5
[Fri Apr 07 06:21:10.730069 2017] [:error] [pid 7528:tid 1760] [client ::1:59938] PHP Notice:  Use of undefined constant year - assumed 'year' in C:\\xampp\\htdocs\\paperreco\\index.php on line 5
[Fri Apr 07 06:21:10.731047 2017] [:error] [pid 7528:tid 1760] [client ::1:59938] PHP Notice:  Use of undefined constant year - assumed 'year' in C:\\xampp\\htdocs\\paperreco\\index.php on line 5
[Fri Apr 07 06:21:10.733004 2017] [:error] [pid 7528:tid 1760] [client ::1:59938] PHP Notice:  Use of undefined constant year - assumed 'year' in C:\\xampp\\htdocs\\paperreco\\index.php on line 5
[Fri Apr 07 06:21:10.733980 2017] [:error] [pid 7528:tid 1760] [client ::1:59938] PHP Notice:  Use of undefined constant year - assumed 'year' in C:\\xampp\\htdocs\\paperreco\\index.php on line 5
[Fri Apr 07 06:21:10.734957 2017] [:error] [pid 7528:tid 1760] [client ::1:59938] PHP Notice:  Use of undefined constant year - assumed 'year' in C:\\xampp\\htdocs\\paperreco\\index.php on line 5
[Fri Apr 07 06:21:10.743755 2017] [:error] [pid 7528:tid 1760] [client ::1:59938] PHP Notice:  Use of undefined constant year - assumed 'year' in C:\\xampp\\htdocs\\paperreco\\index.php on line 5
[Fri Apr 07 06:21:10.745710 2017] [:error] [pid 7528:tid 1760] [client ::1:59938] PHP Notice:  Use of undefined constant year - assumed 'year' in C:\\xampp\\htdocs\\paperreco\\index.php on line 5
[Fri Apr 07 06:21:10.746688 2017] [:error] [pid 7528:tid 1760] [client ::1:59938] PHP Notice:  Use of undefined constant year - assumed 'year' in C:\\xampp\\htdocs\\paperreco\\index.php on line 5
[Fri Apr 07 06:21:10.747664 2017] [:error] [pid 7528:tid 1760] [client ::1:59938] PHP Notice:  Use of undefined constant year - assumed 'year' in C:\\xampp\\htdocs\\paperreco\\index.php on line 5
[Fri Apr 07 06:21:10.748642 2017] [:error] [pid 7528:tid 1760] [client ::1:59938] PHP Notice:  Use of undefined constant year - assumed 'year' in C:\\xampp\\htdocs\\paperreco\\index.php on line 5
[Fri Apr 07 06:21:10.749620 2017] [:error] [pid 7528:tid 1760] [client ::1:59938] PHP Notice:  Use of undefined constant year - assumed 'year' in C:\\xampp\\htdocs\\paperreco\\index.php on line 5
[Fri Apr 07 06:21:10.769172 2017] [:error] [pid 7528:tid 1760] [client ::1:59938] PHP Notice:  Use of undefined constant year - assumed 'year' in C:\\xampp\\htdocs\\paperreco\\index.php on line 5
[Fri Apr 07 06:21:10.776016 2017] [:error] [pid 7528:tid 1760] [client ::1:59938] PHP Notice:  Use of undefined constant year - assumed 'year' in C:\\xampp\\htdocs\\paperreco\\index.php on line 5
[Fri Apr 07 06:21:10.776994 2017] [:error] [pid 7528:tid 1760] [client ::1:59938] PHP Notice:  Use of undefined constant year - assumed 'year' in C:\\xampp\\htdocs\\paperreco\\index.php on line 5
[Fri Apr 07 06:21:10.780904 2017] [:error] [pid 7528:tid 1760] [client ::1:59938] PHP Notice:  Use of undefined constant year - assumed 'year' in C:\\xampp\\htdocs\\paperreco\\index.php on line 5
[Fri Apr 07 06:21:10.781880 2017] [:error] [pid 7528:tid 1760] [client ::1:59938] PHP Notice:  Use of undefined constant year - assumed 'year' in C:\\xampp\\htdocs\\paperreco\\index.php on line 5
[Fri Apr 07 06:21:10.783837 2017] [:error] [pid 7528:tid 1760] [client ::1:59938] PHP Notice:  Use of undefined constant year - assumed 'year' in C:\\xampp\\htdocs\\paperreco\\index.php on line 5
[Fri Apr 07 06:21:10.784813 2017] [:error] [pid 7528:tid 1760] [client ::1:59938] PHP Notice:  Use of undefined constant year - assumed 'year' in C:\\xampp\\htdocs\\paperreco\\index.php on line 5
[Fri Apr 07 06:21:10.789702 2017] [:error] [pid 7528:tid 1760] [client ::1:59938] PHP Notice:  Use of undefined constant year - assumed 'year' in C:\\xampp\\htdocs\\paperreco\\index.php on line 5
[Fri Apr 07 06:21:10.792634 2017] [:error] [pid 7528:tid 1760] [client ::1:59938] PHP Notice:  Use of undefined constant year - assumed 'year' in C:\\xampp\\htdocs\\paperreco\\index.php on line 5
[Fri Apr 07 06:21:10.798500 2017] [:error] [pid 7528:tid 1760] [client ::1:59938] PHP Notice:  Use of undefined constant year - assumed 'year' in C:\\xampp\\htdocs\\paperreco\\index.php on line 5
[Fri Apr 07 06:21:10.801431 2017] [:error] [pid 7528:tid 1760] [client ::1:59938] PHP Notice:  Use of undefined constant year - assumed 'year' in C:\\xampp\\htdocs\\paperreco\\index.php on line 5
[Fri Apr 07 06:21:10.802410 2017] [:error] [pid 7528:tid 1760] [client ::1:59938] PHP Notice:  Use of undefined constant year - assumed 'year' in C:\\xampp\\htdocs\\paperreco\\index.php on line 5
[Fri Apr 07 06:21:10.806320 2017] [:error] [pid 7528:tid 1760] [client ::1:59938] PHP Notice:  Use of undefined constant year - assumed 'year' in C:\\xampp\\htdocs\\paperreco\\index.php on line 5
[Fri Apr 07 06:21:10.808275 2017] [:error] [pid 7528:tid 1760] [client ::1:59938] PHP Notice:  Use of undefined constant year - assumed 'year' in C:\\xampp\\htdocs\\paperreco\\index.php on line 5
[Fri Apr 07 06:21:10.811208 2017] [:error] [pid 7528:tid 1760] [client ::1:59938] PHP Notice:  Use of undefined constant year - assumed 'year' in C:\\xampp\\htdocs\\paperreco\\index.php on line 5
[Fri Apr 07 06:21:10.813163 2017] [:error] [pid 7528:tid 1760] [client ::1:59938] PHP Notice:  Use of undefined constant year - assumed 'year' in C:\\xampp\\htdocs\\paperreco\\index.php on line 5
[Fri Apr 07 06:21:10.815119 2017] [:error] [pid 7528:tid 1760] [client ::1:59938] PHP Notice:  Use of undefined constant year - assumed 'year' in C:\\xampp\\htdocs\\paperreco\\index.php on line 5
[Fri Apr 07 06:21:10.817074 2017] [:error] [pid 7528:tid 1760] [client ::1:59938] PHP Notice:  Use of undefined constant year - assumed 'year' in C:\\xampp\\htdocs\\paperreco\\index.php on line 5
[Fri Apr 07 06:21:10.819033 2017] [:error] [pid 7528:tid 1760] [client ::1:59938] PHP Notice:  Use of undefined constant year - assumed 'year' in C:\\xampp\\htdocs\\paperreco\\index.php on line 5
[Fri Apr 07 06:21:10.820984 2017] [:error] [pid 7528:tid 1760] [client ::1:59938] PHP Notice:  Use of undefined constant year - assumed 'year' in C:\\xampp\\htdocs\\paperreco\\index.php on line 5
[Fri Apr 07 06:21:10.822939 2017] [:error] [pid 7528:tid 1760] [client ::1:59938] PHP Notice:  Use of undefined constant year - assumed 'year' in C:\\xampp\\htdocs\\paperreco\\index.php on line 5
[Fri Apr 07 06:21:10.824897 2017] [:error] [pid 7528:tid 1760] [client ::1:59938] PHP Notice:  Use of undefined constant year - assumed 'year' in C:\\xampp\\htdocs\\paperreco\\index.php on line 5
[Fri Apr 07 06:21:10.825871 2017] [:error] [pid 7528:tid 1760] [client ::1:59938] PHP Notice:  Use of undefined constant year - assumed 'year' in C:\\xampp\\htdocs\\paperreco\\index.php on line 5
[Fri Apr 07 06:21:10.826849 2017] [:error] [pid 7528:tid 1760] [client ::1:59938] PHP Notice:  Use of undefined constant year - assumed 'year' in C:\\xampp\\htdocs\\paperreco\\index.php on line 5
[Fri Apr 07 06:21:10.828808 2017] [:error] [pid 7528:tid 1760] [client ::1:59938] PHP Notice:  Use of undefined constant year - assumed 'year' in C:\\xampp\\htdocs\\paperreco\\index.php on line 5
[Fri Apr 07 06:21:10.829782 2017] [:error] [pid 7528:tid 1760] [client ::1:59938] PHP Notice:  Use of undefined constant year - assumed 'year' in C:\\xampp\\htdocs\\paperreco\\index.php on line 5
[Fri Apr 07 06:21:10.830759 2017] [:error] [pid 7528:tid 1760] [client ::1:59938] PHP Notice:  Use of undefined constant year - assumed 'year' in C:\\xampp\\htdocs\\paperreco\\index.php on line 5
[Fri Apr 07 06:21:10.832714 2017] [:error] [pid 7528:tid 1760] [client ::1:59938] PHP Notice:  Use of undefined constant year - assumed 'year' in C:\\xampp\\htdocs\\paperreco\\index.php on line 5
[Fri Apr 07 06:21:10.833692 2017] [:error] [pid 7528:tid 1760] [client ::1:59938] PHP Notice:  Use of undefined constant year - assumed 'year' in C:\\xampp\\htdocs\\paperreco\\index.php on line 5
[Fri Apr 07 06:21:10.834670 2017] [:error] [pid 7528:tid 1760] [client ::1:59938] PHP Notice:  Use of undefined constant year - assumed 'year' in C:\\xampp\\htdocs\\paperreco\\index.php on line 5
[Fri Apr 07 06:21:10.835646 2017] [:error] [pid 7528:tid 1760] [client ::1:59938] PHP Notice:  Use of undefined constant year - assumed 'year' in C:\\xampp\\htdocs\\paperreco\\index.php on line 5
[Fri Apr 07 06:21:10.836624 2017] [:error] [pid 7528:tid 1760] [client ::1:59938] PHP Notice:  Use of undefined constant year - assumed 'year' in C:\\xampp\\htdocs\\paperreco\\index.php on line 5
[Fri Apr 07 06:21:10.838581 2017] [:error] [pid 7528:tid 1760] [client ::1:59938] PHP Notice:  Use of undefined constant year - assumed 'year' in C:\\xampp\\htdocs\\paperreco\\index.php on line 5
[Fri Apr 07 06:21:10.863019 2017] [:error] [pid 7528:tid 1760] [client ::1:59938] PHP Notice:  Use of undefined constant year - assumed 'year' in C:\\xampp\\htdocs\\paperreco\\index.php on line 5
[Fri Apr 07 06:21:10.941226 2017] [:error] [pid 7528:tid 1760] [client ::1:59938] PHP Notice:  Use of undefined constant year - assumed 'year' in C:\\xampp\\htdocs\\paperreco\\index.php on line 5
[Fri Apr 07 06:21:10.949050 2017] [:error] [pid 7528:tid 1760] [client ::1:59938] PHP Notice:  Use of undefined constant year - assumed 'year' in C:\\xampp\\htdocs\\paperreco\\index.php on line 5
[Fri Apr 07 06:21:10.951002 2017] [:error] [pid 7528:tid 1760] [client ::1:59938] PHP Notice:  Use of undefined constant year - assumed 'year' in C:\\xampp\\htdocs\\paperreco\\index.php on line 5
[Fri Apr 07 06:21:10.951979 2017] [:error] [pid 7528:tid 1760] [client ::1:59938] PHP Notice:  Use of undefined constant year - assumed 'year' in C:\\xampp\\htdocs\\paperreco\\index.php on line 5
[Fri Apr 07 06:21:22.207965 2017] [:error] [pid 7528:tid 1812] [client ::1:59953] PHP Notice:  Use of undefined constant year - assumed 'year' in C:\\xampp\\htdocs\\paperreco\\index.php on line 5
[Fri Apr 07 06:21:22.208944 2017] [:error] [pid 7528:tid 1812] [client ::1:59953] PHP Notice:  Use of undefined constant year - assumed 'year' in C:\\xampp\\htdocs\\paperreco\\index.php on line 5
[Fri Apr 07 06:21:22.210898 2017] [:error] [pid 7528:tid 1812] [client ::1:59953] PHP Notice:  Use of undefined constant year - assumed 'year' in C:\\xampp\\htdocs\\paperreco\\index.php on line 5
[Fri Apr 07 06:21:22.211876 2017] [:error] [pid 7528:tid 1812] [client ::1:59953] PHP Notice:  Use of undefined constant year - assumed 'year' in C:\\xampp\\htdocs\\paperreco\\index.php on line 5
[Fri Apr 07 06:21:22.212853 2017] [:error] [pid 7528:tid 1812] [client ::1:59953] PHP Notice:  Use of undefined constant year - assumed 'year' in C:\\xampp\\htdocs\\paperreco\\index.php on line 5
[Fri Apr 07 06:21:22.214810 2017] [:error] [pid 7528:tid 1812] [client ::1:59953] PHP Notice:  Use of undefined constant year - assumed 'year' in C:\\xampp\\htdocs\\paperreco\\index.php on line 5
[Fri Apr 07 06:21:22.215787 2017] [:error] [pid 7528:tid 1812] [client ::1:59953] PHP Notice:  Use of undefined constant year - assumed 'year' in C:\\xampp\\htdocs\\paperreco\\index.php on line 5
[Fri Apr 07 06:21:22.218719 2017] [:error] [pid 7528:tid 1812] [client ::1:59953] PHP Notice:  Use of undefined constant year - assumed 'year' in C:\\xampp\\htdocs\\paperreco\\index.php on line 5
[Fri Apr 07 06:21:22.219697 2017] [:error] [pid 7528:tid 1812] [client ::1:59953] PHP Notice:  Use of undefined constant year - assumed 'year' in C:\\xampp\\htdocs\\paperreco\\index.php on line 5
[Fri Apr 07 06:21:22.222630 2017] [:error] [pid 7528:tid 1812] [client ::1:59953] PHP Notice:  Use of undefined constant year - assumed 'year' in C:\\xampp\\htdocs\\paperreco\\index.php on line 5
[Fri Apr 07 06:21:22.224585 2017] [:error] [pid 7528:tid 1812] [client ::1:59953] PHP Notice:  Use of undefined constant year - assumed 'year' in C:\\xampp\\htdocs\\paperreco\\index.php on line 5
[Fri Apr 07 06:21:22.225565 2017] [:error] [pid 7528:tid 1812] [client ::1:59953] PHP Notice:  Use of undefined constant year - assumed 'year' in C:\\xampp\\htdocs\\paperreco\\index.php on line 5
[Fri Apr 07 06:21:22.227517 2017] [:error] [pid 7528:tid 1812] [client ::1:59953] PHP Notice:  Use of undefined constant year - assumed 'year' in C:\\xampp\\htdocs\\paperreco\\index.php on line 5
[Fri Apr 07 06:21:22.228496 2017] [:error] [pid 7528:tid 1812] [client ::1:59953] PHP Notice:  Use of undefined constant year - assumed 'year' in C:\\xampp\\htdocs\\paperreco\\index.php on line 5
[Fri Apr 07 06:21:22.229472 2017] [:error] [pid 7528:tid 1812] [client ::1:59953] PHP Notice:  Use of undefined constant year - assumed 'year' in C:\\xampp\\htdocs\\paperreco\\index.php on line 5
[Fri Apr 07 06:21:22.231428 2017] [:error] [pid 7528:tid 1812] [client ::1:59953] PHP Notice:  Use of undefined constant year - assumed 'year' in C:\\xampp\\htdocs\\paperreco\\index.php on line 5
[Fri Apr 07 06:21:22.232404 2017] [:error] [pid 7528:tid 1812] [client ::1:59953] PHP Notice:  Use of undefined constant year - assumed 'year' in C:\\xampp\\htdocs\\paperreco\\index.php on line 5
[Fri Apr 07 06:21:22.233382 2017] [:error] [pid 7528:tid 1812] [client ::1:59953] PHP Notice:  Use of undefined constant year - assumed 'year' in C:\\xampp\\htdocs\\paperreco\\index.php on line 5
[Fri Apr 07 06:21:22.235339 2017] [:error] [pid 7528:tid 1812] [client ::1:59953] PHP Notice:  Use of undefined constant year - assumed 'year' in C:\\xampp\\htdocs\\paperreco\\index.php on line 5
[Fri Apr 07 06:21:22.236315 2017] [:error] [pid 7528:tid 1812] [client ::1:59953] PHP Notice:  Use of undefined constant year - assumed 'year' in C:\\xampp\\htdocs\\paperreco\\index.php on line 5
[Fri Apr 07 06:21:22.237292 2017] [:error] [pid 7528:tid 1812] [client ::1:59953] PHP Notice:  Use of undefined constant year - assumed 'year' in C:\\xampp\\htdocs\\paperreco\\index.php on line 5
[Fri Apr 07 06:21:22.238270 2017] [:error] [pid 7528:tid 1812] [client ::1:59953] PHP Notice:  Use of undefined constant year - assumed 'year' in C:\\xampp\\htdocs\\paperreco\\index.php on line 5
[Fri Apr 07 06:21:22.240225 2017] [:error] [pid 7528:tid 1812] [client ::1:59953] PHP Notice:  Use of undefined constant year - assumed 'year' in C:\\xampp\\htdocs\\paperreco\\index.php on line 5
[Fri Apr 07 06:21:22.241203 2017] [:error] [pid 7528:tid 1812] [client ::1:59953] PHP Notice:  Use of undefined constant year - assumed 'year' in C:\\xampp\\htdocs\\paperreco\\index.php on line 5
[Fri Apr 07 06:21:22.242181 2017] [:error] [pid 7528:tid 1812] [client ::1:59953] PHP Notice:  Use of undefined constant year - assumed 'year' in C:\\xampp\\htdocs\\paperreco\\index.php on line 5
[Fri Apr 07 06:21:22.243158 2017] [:error] [pid 7528:tid 1812] [client ::1:59953] PHP Notice:  Use of undefined constant year - assumed 'year' in C:\\xampp\\htdocs\\paperreco\\index.php on line 5
[Fri Apr 07 06:21:22.244140 2017] [:error] [pid 7528:tid 1812] [client ::1:59953] PHP Notice:  Use of undefined constant year - assumed 'year' in C:\\xampp\\htdocs\\paperreco\\index.php on line 5
[Fri Apr 07 06:21:22.245113 2017] [:error] [pid 7528:tid 1812] [client ::1:59953] PHP Notice:  Use of undefined constant year - assumed 'year' in C:\\xampp\\htdocs\\paperreco\\index.php on line 5
[Fri Apr 07 06:21:22.247071 2017] [:error] [pid 7528:tid 1812] [client ::1:59953] PHP Notice:  Use of undefined constant year - assumed 'year' in C:\\xampp\\htdocs\\paperreco\\index.php on line 5
[Fri Apr 07 06:21:22.248046 2017] [:error] [pid 7528:tid 1812] [client ::1:59953] PHP Notice:  Use of undefined constant year - assumed 'year' in C:\\xampp\\htdocs\\paperreco\\index.php on line 5
[Fri Apr 07 06:21:22.249023 2017] [:error] [pid 7528:tid 1812] [client ::1:59953] PHP Notice:  Use of undefined constant year - assumed 'year' in C:\\xampp\\htdocs\\paperreco\\index.php on line 5
[Fri Apr 07 06:21:22.250979 2017] [:error] [pid 7528:tid 1812] [client ::1:59953] PHP Notice:  Use of undefined constant year - assumed 'year' in C:\\xampp\\htdocs\\paperreco\\index.php on line 5
[Fri Apr 07 06:21:22.252934 2017] [:error] [pid 7528:tid 1812] [client ::1:59953] PHP Notice:  Use of undefined constant year - assumed 'year' in C:\\xampp\\htdocs\\paperreco\\index.php on line 5
[Fri Apr 07 06:21:22.253918 2017] [:error] [pid 7528:tid 1812] [client ::1:59953] PHP Notice:  Use of undefined constant year - assumed 'year' in C:\\xampp\\htdocs\\paperreco\\index.php on line 5
[Fri Apr 07 06:21:22.254893 2017] [:error] [pid 7528:tid 1812] [client ::1:59953] PHP Notice:  Use of undefined constant year - assumed 'year' in C:\\xampp\\htdocs\\paperreco\\index.php on line 5
[Fri Apr 07 06:21:22.255871 2017] [:error] [pid 7528:tid 1812] [client ::1:59953] PHP Notice:  Use of undefined constant year - assumed 'year' in C:\\xampp\\htdocs\\paperreco\\index.php on line 5
[Fri Apr 07 06:21:22.256847 2017] [:error] [pid 7528:tid 1812] [client ::1:59953] PHP Notice:  Use of undefined constant year - assumed 'year' in C:\\xampp\\htdocs\\paperreco\\index.php on line 5
[Fri Apr 07 06:21:22.257822 2017] [:error] [pid 7528:tid 1812] [client ::1:59953] PHP Notice:  Use of undefined constant year - assumed 'year' in C:\\xampp\\htdocs\\paperreco\\index.php on line 5
[Fri Apr 07 06:21:22.258800 2017] [:error] [pid 7528:tid 1812] [client ::1:59953] PHP Notice:  Use of undefined constant year - assumed 'year' in C:\\xampp\\htdocs\\paperreco\\index.php on line 5
[Fri Apr 07 06:21:22.259777 2017] [:error] [pid 7528:tid 1812] [client ::1:59953] PHP Notice:  Use of undefined constant year - assumed 'year' in C:\\xampp\\htdocs\\paperreco\\index.php on line 5
[Fri Apr 07 06:21:22.260755 2017] [:error] [pid 7528:tid 1812] [client ::1:59953] PHP Notice:  Use of undefined constant year - assumed 'year' in C:\\xampp\\htdocs\\paperreco\\index.php on line 5
[Fri Apr 07 06:21:22.261731 2017] [:error] [pid 7528:tid 1812] [client ::1:59953] PHP Notice:  Use of undefined constant year - assumed 'year' in C:\\xampp\\htdocs\\paperreco\\index.php on line 5
[Fri Apr 07 06:21:22.262709 2017] [:error] [pid 7528:tid 1812] [client ::1:59953] PHP Notice:  Use of undefined constant year - assumed 'year' in C:\\xampp\\htdocs\\paperreco\\index.php on line 5
[Fri Apr 07 06:21:22.264665 2017] [:error] [pid 7528:tid 1812] [client ::1:59953] PHP Notice:  Use of undefined constant year - assumed 'year' in C:\\xampp\\htdocs\\paperreco\\index.php on line 5
[Fri Apr 07 06:21:22.265643 2017] [:error] [pid 7528:tid 1812] [client ::1:59953] PHP Notice:  Use of undefined constant year - assumed 'year' in C:\\xampp\\htdocs\\paperreco\\index.php on line 5
[Fri Apr 07 06:21:22.266621 2017] [:error] [pid 7528:tid 1812] [client ::1:59953] PHP Notice:  Use of undefined constant year - assumed 'year' in C:\\xampp\\htdocs\\paperreco\\index.php on line 5
[Fri Apr 07 06:21:22.267598 2017] [:error] [pid 7528:tid 1812] [client ::1:59953] PHP Notice:  Use of undefined constant year - assumed 'year' in C:\\xampp\\htdocs\\paperreco\\index.php on line 5
[Fri Apr 07 06:21:22.269552 2017] [:error] [pid 7528:tid 1812] [client ::1:59953] PHP Notice:  Use of undefined constant year - assumed 'year' in C:\\xampp\\htdocs\\paperreco\\index.php on line 5
[Fri Apr 07 06:21:22.269552 2017] [:error] [pid 7528:tid 1812] [client ::1:59953] PHP Notice:  Use of undefined constant year - assumed 'year' in C:\\xampp\\htdocs\\paperreco\\index.php on line 5
[Fri Apr 07 06:21:22.270530 2017] [:error] [pid 7528:tid 1812] [client ::1:59953] PHP Notice:  Use of undefined constant year - assumed 'year' in C:\\xampp\\htdocs\\paperreco\\index.php on line 5
[Fri Apr 07 06:21:22.272486 2017] [:error] [pid 7528:tid 1812] [client ::1:59953] PHP Notice:  Use of undefined constant year - assumed 'year' in C:\\xampp\\htdocs\\paperreco\\index.php on line 5
[Fri Apr 07 06:21:22.272486 2017] [:error] [pid 7528:tid 1812] [client ::1:59953] PHP Notice:  Use of undefined constant year - assumed 'year' in C:\\xampp\\htdocs\\paperreco\\index.php on line 5
[Fri Apr 07 06:21:22.274440 2017] [:error] [pid 7528:tid 1812] [client ::1:59953] PHP Notice:  Use of undefined constant year - assumed 'year' in C:\\xampp\\htdocs\\paperreco\\index.php on line 5
[Fri Apr 07 06:21:22.275419 2017] [:error] [pid 7528:tid 1812] [client ::1:59953] PHP Notice:  Use of undefined constant year - assumed 'year' in C:\\xampp\\htdocs\\paperreco\\index.php on line 5
[Fri Apr 07 06:21:22.276395 2017] [:error] [pid 7528:tid 1812] [client ::1:59953] PHP Notice:  Use of undefined constant year - assumed 'year' in C:\\xampp\\htdocs\\paperreco\\index.php on line 5
[Fri Apr 07 06:21:22.277373 2017] [:error] [pid 7528:tid 1812] [client ::1:59953] PHP Notice:  Use of undefined constant year - assumed 'year' in C:\\xampp\\htdocs\\paperreco\\index.php on line 5
[Fri Apr 07 06:21:22.278351 2017] [:error] [pid 7528:tid 1812] [client ::1:59953] PHP Notice:  Use of undefined constant year - assumed 'year' in C:\\xampp\\htdocs\\paperreco\\index.php on line 5
[Fri Apr 07 06:21:22.279329 2017] [:error] [pid 7528:tid 1812] [client ::1:59953] PHP Notice:  Use of undefined constant year - assumed 'year' in C:\\xampp\\htdocs\\paperreco\\index.php on line 5
[Fri Apr 07 06:21:22.280307 2017] [:error] [pid 7528:tid 1812] [client ::1:59953] PHP Notice:  Use of undefined constant year - assumed 'year' in C:\\xampp\\htdocs\\paperreco\\index.php on line 5
[Fri Apr 07 06:21:22.283238 2017] [:error] [pid 7528:tid 1812] [client ::1:59953] PHP Notice:  Use of undefined constant year - assumed 'year' in C:\\xampp\\htdocs\\paperreco\\index.php on line 5
[Fri Apr 07 06:21:22.285194 2017] [:error] [pid 7528:tid 1812] [client ::1:59953] PHP Notice:  Use of undefined constant year - assumed 'year' in C:\\xampp\\htdocs\\paperreco\\index.php on line 5
[Fri Apr 07 06:21:22.286171 2017] [:error] [pid 7528:tid 1812] [client ::1:59953] PHP Notice:  Use of undefined constant year - assumed 'year' in C:\\xampp\\htdocs\\paperreco\\index.php on line 5
[Fri Apr 07 06:21:22.288127 2017] [:error] [pid 7528:tid 1812] [client ::1:59953] PHP Notice:  Use of undefined constant year - assumed 'year' in C:\\xampp\\htdocs\\paperreco\\index.php on line 5
[Fri Apr 07 06:21:22.289105 2017] [:error] [pid 7528:tid 1812] [client ::1:59953] PHP Notice:  Use of undefined constant year - assumed 'year' in C:\\xampp\\htdocs\\paperreco\\index.php on line 5
[Fri Apr 07 06:21:22.292038 2017] [:error] [pid 7528:tid 1812] [client ::1:59953] PHP Notice:  Use of undefined constant year - assumed 'year' in C:\\xampp\\htdocs\\paperreco\\index.php on line 5
[Fri Apr 07 06:21:22.293993 2017] [:error] [pid 7528:tid 1812] [client ::1:59953] PHP Notice:  Use of undefined constant year - assumed 'year' in C:\\xampp\\htdocs\\paperreco\\index.php on line 5
[Fri Apr 07 06:21:22.294971 2017] [:error] [pid 7528:tid 1812] [client ::1:59953] PHP Notice:  Use of undefined constant year - assumed 'year' in C:\\xampp\\htdocs\\paperreco\\index.php on line 5
[Fri Apr 07 06:21:22.295948 2017] [:error] [pid 7528:tid 1812] [client ::1:59953] PHP Notice:  Use of undefined constant year - assumed 'year' in C:\\xampp\\htdocs\\paperreco\\index.php on line 5
[Fri Apr 07 06:21:22.296926 2017] [:error] [pid 7528:tid 1812] [client ::1:59953] PHP Notice:  Use of undefined constant year - assumed 'year' in C:\\xampp\\htdocs\\paperreco\\index.php on line 5
[Fri Apr 07 06:21:22.300836 2017] [:error] [pid 7528:tid 1812] [client ::1:59953] PHP Notice:  Use of undefined constant year - assumed 'year' in C:\\xampp\\htdocs\\paperreco\\index.php on line 5
[Fri Apr 07 06:21:22.302791 2017] [:error] [pid 7528:tid 1812] [client ::1:59953] PHP Notice:  Use of undefined constant year - assumed 'year' in C:\\xampp\\htdocs\\paperreco\\index.php on line 5
[Fri Apr 07 06:21:22.304745 2017] [:error] [pid 7528:tid 1812] [client ::1:59953] PHP Notice:  Use of undefined constant year - assumed 'year' in C:\\xampp\\htdocs\\paperreco\\index.php on line 5
[Fri Apr 07 06:21:22.305723 2017] [:error] [pid 7528:tid 1812] [client ::1:59953] PHP Notice:  Use of undefined constant year - assumed 'year' in C:\\xampp\\htdocs\\paperreco\\index.php on line 5
[Fri Apr 07 06:21:22.307679 2017] [:error] [pid 7528:tid 1812] [client ::1:59953] PHP Notice:  Use of undefined constant year - assumed 'year' in C:\\xampp\\htdocs\\paperreco\\index.php on line 5
[Fri Apr 07 06:21:22.309633 2017] [:error] [pid 7528:tid 1812] [client ::1:59953] PHP Notice:  Use of undefined constant year - assumed 'year' in C:\\xampp\\htdocs\\paperreco\\index.php on line 5
[Fri Apr 07 06:21:22.312566 2017] [:error] [pid 7528:tid 1812] [client ::1:59953] PHP Notice:  Use of undefined constant year - assumed 'year' in C:\\xampp\\htdocs\\paperreco\\index.php on line 5
[Fri Apr 07 06:21:22.315499 2017] [:error] [pid 7528:tid 1812] [client ::1:59953] PHP Notice:  Use of undefined constant year - assumed 'year' in C:\\xampp\\htdocs\\paperreco\\index.php on line 5
[Fri Apr 07 06:21:22.317454 2017] [:error] [pid 7528:tid 1812] [client ::1:59953] PHP Notice:  Use of undefined constant year - assumed 'year' in C:\\xampp\\htdocs\\paperreco\\index.php on line 5
[Fri Apr 07 06:21:22.319412 2017] [:error] [pid 7528:tid 1812] [client ::1:59953] PHP Notice:  Use of undefined constant year - assumed 'year' in C:\\xampp\\htdocs\\paperreco\\index.php on line 5
[Fri Apr 07 06:21:22.320391 2017] [:error] [pid 7528:tid 1812] [client ::1:59953] PHP Notice:  Use of undefined constant year - assumed 'year' in C:\\xampp\\htdocs\\paperreco\\index.php on line 5
[Fri Apr 07 06:21:22.321366 2017] [:error] [pid 7528:tid 1812] [client ::1:59953] PHP Notice:  Use of undefined constant year - assumed 'year' in C:\\xampp\\htdocs\\paperreco\\index.php on line 5
[Fri Apr 07 06:21:22.322345 2017] [:error] [pid 7528:tid 1812] [client ::1:59953] PHP Notice:  Use of undefined constant year - assumed 'year' in C:\\xampp\\htdocs\\paperreco\\index.php on line 5
[Fri Apr 07 06:21:22.323322 2017] [:error] [pid 7528:tid 1812] [client ::1:59953] PHP Notice:  Use of undefined constant year - assumed 'year' in C:\\xampp\\htdocs\\paperreco\\index.php on line 5
[Fri Apr 07 06:21:22.324300 2017] [:error] [pid 7528:tid 1812] [client ::1:59953] PHP Notice:  Use of undefined constant year - assumed 'year' in C:\\xampp\\htdocs\\paperreco\\index.php on line 5
[Fri Apr 07 06:21:22.325279 2017] [:error] [pid 7528:tid 1812] [client ::1:59953] PHP Notice:  Use of undefined constant year - assumed 'year' in C:\\xampp\\htdocs\\paperreco\\index.php on line 5
[Fri Apr 07 06:21:22.326255 2017] [:error] [pid 7528:tid 1812] [client ::1:59953] PHP Notice:  Use of undefined constant year - assumed 'year' in C:\\xampp\\htdocs\\paperreco\\index.php on line 5
[Fri Apr 07 06:21:22.327229 2017] [:error] [pid 7528:tid 1812] [client ::1:59953] PHP Notice:  Use of undefined constant year - assumed 'year' in C:\\xampp\\htdocs\\paperreco\\index.php on line 5
[Fri Apr 07 06:21:22.328210 2017] [:error] [pid 7528:tid 1812] [client ::1:59953] PHP Notice:  Use of undefined constant year - assumed 'year' in C:\\xampp\\htdocs\\paperreco\\index.php on line 5
[Fri Apr 07 06:21:22.329188 2017] [:error] [pid 7528:tid 1812] [client ::1:59953] PHP Notice:  Use of undefined constant year - assumed 'year' in C:\\xampp\\htdocs\\paperreco\\index.php on line 5
[Fri Apr 07 06:21:22.331142 2017] [:error] [pid 7528:tid 1812] [client ::1:59953] PHP Notice:  Use of undefined constant year - assumed 'year' in C:\\xampp\\htdocs\\paperreco\\index.php on line 5
[Fri Apr 07 06:21:22.332117 2017] [:error] [pid 7528:tid 1812] [client ::1:59953] PHP Notice:  Use of undefined constant year - assumed 'year' in C:\\xampp\\htdocs\\paperreco\\index.php on line 5
[Fri Apr 07 06:21:22.334074 2017] [:error] [pid 7528:tid 1812] [client ::1:59953] PHP Notice:  Use of undefined constant year - assumed 'year' in C:\\xampp\\htdocs\\paperreco\\index.php on line 5
[Fri Apr 07 06:21:22.336028 2017] [:error] [pid 7528:tid 1812] [client ::1:59953] PHP Notice:  Use of undefined constant year - assumed 'year' in C:\\xampp\\htdocs\\paperreco\\index.php on line 5
[Fri Apr 07 06:21:22.339937 2017] [:error] [pid 7528:tid 1812] [client ::1:59953] PHP Notice:  Use of undefined constant year - assumed 'year' in C:\\xampp\\htdocs\\paperreco\\index.php on line 5
[Fri Apr 07 06:21:22.343848 2017] [:error] [pid 7528:tid 1812] [client ::1:59953] PHP Notice:  Use of undefined constant year - assumed 'year' in C:\\xampp\\htdocs\\paperreco\\index.php on line 5
[Fri Apr 07 06:21:22.345803 2017] [:error] [pid 7528:tid 1812] [client ::1:59953] PHP Notice:  Use of undefined constant year - assumed 'year' in C:\\xampp\\htdocs\\paperreco\\index.php on line 5
[Fri Apr 07 06:21:22.345803 2017] [:error] [pid 7528:tid 1812] [client ::1:59953] PHP Notice:  Use of undefined constant year - assumed 'year' in C:\\xampp\\htdocs\\paperreco\\index.php on line 5
[Fri Apr 07 06:21:22.347758 2017] [:error] [pid 7528:tid 1812] [client ::1:59953] PHP Notice:  Use of undefined constant year - assumed 'year' in C:\\xampp\\htdocs\\paperreco\\index.php on line 5
[Fri Apr 07 06:21:22.348740 2017] [:error] [pid 7528:tid 1812] [client ::1:59953] PHP Notice:  Use of undefined constant year - assumed 'year' in C:\\xampp\\htdocs\\paperreco\\index.php on line 5
[Fri Apr 07 06:21:22.349718 2017] [:error] [pid 7528:tid 1812] [client ::1:59953] PHP Notice:  Use of undefined constant year - assumed 'year' in C:\\xampp\\htdocs\\paperreco\\index.php on line 5
[Fri Apr 07 06:21:22.351668 2017] [:error] [pid 7528:tid 1812] [client ::1:59953] PHP Notice:  Use of undefined constant year - assumed 'year' in C:\\xampp\\htdocs\\paperreco\\index.php on line 5
[Fri Apr 07 06:21:22.352650 2017] [:error] [pid 7528:tid 1812] [client ::1:59953] PHP Notice:  Use of undefined constant year - assumed 'year' in C:\\xampp\\htdocs\\paperreco\\index.php on line 5
[Fri Apr 07 06:21:22.353625 2017] [:error] [pid 7528:tid 1812] [client ::1:59953] PHP Notice:  Use of undefined constant year - assumed 'year' in C:\\xampp\\htdocs\\paperreco\\index.php on line 5
[Fri Apr 07 06:21:22.355579 2017] [:error] [pid 7528:tid 1812] [client ::1:59953] PHP Notice:  Use of undefined constant year - assumed 'year' in C:\\xampp\\htdocs\\paperreco\\index.php on line 5
[Fri Apr 07 06:21:22.356561 2017] [:error] [pid 7528:tid 1812] [client ::1:59953] PHP Notice:  Use of undefined constant year - assumed 'year' in C:\\xampp\\htdocs\\paperreco\\index.php on line 5
[Fri Apr 07 06:21:22.357538 2017] [:error] [pid 7528:tid 1812] [client ::1:59953] PHP Notice:  Use of undefined constant year - assumed 'year' in C:\\xampp\\htdocs\\paperreco\\index.php on line 5
[Fri Apr 07 06:21:22.359490 2017] [:error] [pid 7528:tid 1812] [client ::1:59953] PHP Notice:  Use of undefined constant year - assumed 'year' in C:\\xampp\\htdocs\\paperreco\\index.php on line 5
[Fri Apr 07 06:21:22.361445 2017] [:error] [pid 7528:tid 1812] [client ::1:59953] PHP Notice:  Use of undefined constant year - assumed 'year' in C:\\xampp\\htdocs\\paperreco\\index.php on line 5
[Fri Apr 07 06:21:22.362422 2017] [:error] [pid 7528:tid 1812] [client ::1:59953] PHP Notice:  Use of undefined constant year - assumed 'year' in C:\\xampp\\htdocs\\paperreco\\index.php on line 5
[Fri Apr 07 06:21:22.363400 2017] [:error] [pid 7528:tid 1812] [client ::1:59953] PHP Notice:  Use of undefined constant year - assumed 'year' in C:\\xampp\\htdocs\\paperreco\\index.php on line 5
[Fri Apr 07 06:21:22.365355 2017] [:error] [pid 7528:tid 1812] [client ::1:59953] PHP Notice:  Use of undefined constant year - assumed 'year' in C:\\xampp\\htdocs\\paperreco\\index.php on line 5
[Fri Apr 07 06:21:22.367310 2017] [:error] [pid 7528:tid 1812] [client ::1:59953] PHP Notice:  Use of undefined constant year - assumed 'year' in C:\\xampp\\htdocs\\paperreco\\index.php on line 5
[Fri Apr 07 06:21:22.368287 2017] [:error] [pid 7528:tid 1812] [client ::1:59953] PHP Notice:  Use of undefined constant year - assumed 'year' in C:\\xampp\\htdocs\\paperreco\\index.php on line 5
[Fri Apr 07 06:21:22.369265 2017] [:error] [pid 7528:tid 1812] [client ::1:59953] PHP Notice:  Use of undefined constant year - assumed 'year' in C:\\xampp\\htdocs\\paperreco\\index.php on line 5
[Fri Apr 07 06:21:22.371221 2017] [:error] [pid 7528:tid 1812] [client ::1:59953] PHP Notice:  Use of undefined constant year - assumed 'year' in C:\\xampp\\htdocs\\paperreco\\index.php on line 5
[Fri Apr 07 06:21:22.375131 2017] [:error] [pid 7528:tid 1812] [client ::1:59953] PHP Notice:  Use of undefined constant year - assumed 'year' in C:\\xampp\\htdocs\\paperreco\\index.php on line 5
[Fri Apr 07 06:21:22.378065 2017] [:error] [pid 7528:tid 1812] [client ::1:59953] PHP Notice:  Use of undefined constant year - assumed 'year' in C:\\xampp\\htdocs\\paperreco\\index.php on line 5
[Fri Apr 07 06:21:22.381975 2017] [:error] [pid 7528:tid 1812] [client ::1:59953] PHP Notice:  Use of undefined constant year - assumed 'year' in C:\\xampp\\htdocs\\paperreco\\index.php on line 5
[Fri Apr 07 06:21:22.387840 2017] [:error] [pid 7528:tid 1812] [client ::1:59953] PHP Notice:  Use of undefined constant year - assumed 'year' in C:\\xampp\\htdocs\\paperreco\\index.php on line 5
[Fri Apr 07 06:21:22.390771 2017] [:error] [pid 7528:tid 1812] [client ::1:59953] PHP Notice:  Use of undefined constant year - assumed 'year' in C:\\xampp\\htdocs\\paperreco\\index.php on line 5
[Fri Apr 07 06:21:22.392728 2017] [:error] [pid 7528:tid 1812] [client ::1:59953] PHP Notice:  Use of undefined constant year - assumed 'year' in C:\\xampp\\htdocs\\paperreco\\index.php on line 5
[Fri Apr 07 06:21:22.394683 2017] [:error] [pid 7528:tid 1812] [client ::1:59953] PHP Notice:  Use of undefined constant year - assumed 'year' in C:\\xampp\\htdocs\\paperreco\\index.php on line 5
[Fri Apr 07 06:21:22.395660 2017] [:error] [pid 7528:tid 1812] [client ::1:59953] PHP Notice:  Use of undefined constant year - assumed 'year' in C:\\xampp\\htdocs\\paperreco\\index.php on line 5
[Fri Apr 07 06:21:22.396640 2017] [:error] [pid 7528:tid 1812] [client ::1:59953] PHP Notice:  Use of undefined constant year - assumed 'year' in C:\\xampp\\htdocs\\paperreco\\index.php on line 5
[Fri Apr 07 06:21:22.397619 2017] [:error] [pid 7528:tid 1812] [client ::1:59953] PHP Notice:  Use of undefined constant year - assumed 'year' in C:\\xampp\\htdocs\\paperreco\\index.php on line 5
[Fri Apr 07 06:21:22.399574 2017] [:error] [pid 7528:tid 1812] [client ::1:59953] PHP Notice:  Use of undefined constant year - assumed 'year' in C:\\xampp\\htdocs\\paperreco\\index.php on line 5
[Fri Apr 07 06:21:22.403482 2017] [:error] [pid 7528:tid 1812] [client ::1:59953] PHP Notice:  Use of undefined constant year - assumed 'year' in C:\\xampp\\htdocs\\paperreco\\index.php on line 5
[Fri Apr 07 06:21:22.405439 2017] [:error] [pid 7528:tid 1812] [client ::1:59953] PHP Notice:  Use of undefined constant year - assumed 'year' in C:\\xampp\\htdocs\\paperreco\\index.php on line 5
[Fri Apr 07 06:21:22.407392 2017] [:error] [pid 7528:tid 1812] [client ::1:59953] PHP Notice:  Use of undefined constant year - assumed 'year' in C:\\xampp\\htdocs\\paperreco\\index.php on line 5
[Fri Apr 07 06:21:22.408368 2017] [:error] [pid 7528:tid 1812] [client ::1:59953] PHP Notice:  Use of undefined constant year - assumed 'year' in C:\\xampp\\htdocs\\paperreco\\index.php on line 5
[Fri Apr 07 06:21:22.409349 2017] [:error] [pid 7528:tid 1812] [client ::1:59953] PHP Notice:  Use of undefined constant year - assumed 'year' in C:\\xampp\\htdocs\\paperreco\\index.php on line 5
[Fri Apr 07 06:21:22.410323 2017] [:error] [pid 7528:tid 1812] [client ::1:59953] PHP Notice:  Use of undefined constant year - assumed 'year' in C:\\xampp\\htdocs\\paperreco\\index.php on line 5
[Fri Apr 07 06:21:22.411300 2017] [:error] [pid 7528:tid 1812] [client ::1:59953] PHP Notice:  Use of undefined constant year - assumed 'year' in C:\\xampp\\htdocs\\paperreco\\index.php on line 5
[Fri Apr 07 06:21:22.412278 2017] [:error] [pid 7528:tid 1812] [client ::1:59953] PHP Notice:  Use of undefined constant year - assumed 'year' in C:\\xampp\\htdocs\\paperreco\\index.php on line 5
[Fri Apr 07 06:21:22.414237 2017] [:error] [pid 7528:tid 1812] [client ::1:59953] PHP Notice:  Use of undefined constant year - assumed 'year' in C:\\xampp\\htdocs\\paperreco\\index.php on line 5
[Fri Apr 07 06:21:22.415211 2017] [:error] [pid 7528:tid 1812] [client ::1:59953] PHP Notice:  Use of undefined constant year - assumed 'year' in C:\\xampp\\htdocs\\paperreco\\index.php on line 5
[Fri Apr 07 06:21:22.416191 2017] [:error] [pid 7528:tid 1812] [client ::1:59953] PHP Notice:  Use of undefined constant year - assumed 'year' in C:\\xampp\\htdocs\\paperreco\\index.php on line 5
[Fri Apr 07 06:21:22.417169 2017] [:error] [pid 7528:tid 1812] [client ::1:59953] PHP Notice:  Use of undefined constant year - assumed 'year' in C:\\xampp\\htdocs\\paperreco\\index.php on line 5
[Fri Apr 07 06:21:22.419124 2017] [:error] [pid 7528:tid 1812] [client ::1:59953] PHP Notice:  Use of undefined constant year - assumed 'year' in C:\\xampp\\htdocs\\paperreco\\index.php on line 5
[Fri Apr 07 06:21:22.420102 2017] [:error] [pid 7528:tid 1812] [client ::1:59953] PHP Notice:  Use of undefined constant year - assumed 'year' in C:\\xampp\\htdocs\\paperreco\\index.php on line 5
[Fri Apr 07 06:21:22.421081 2017] [:error] [pid 7528:tid 1812] [client ::1:59953] PHP Notice:  Use of undefined constant year - assumed 'year' in C:\\xampp\\htdocs\\paperreco\\index.php on line 5
[Fri Apr 07 06:21:22.422057 2017] [:error] [pid 7528:tid 1812] [client ::1:59953] PHP Notice:  Use of undefined constant year - assumed 'year' in C:\\xampp\\htdocs\\paperreco\\index.php on line 5
[Fri Apr 07 06:21:22.423034 2017] [:error] [pid 7528:tid 1812] [client ::1:59953] PHP Notice:  Use of undefined constant year - assumed 'year' in C:\\xampp\\htdocs\\paperreco\\index.php on line 5
[Fri Apr 07 06:21:22.424013 2017] [:error] [pid 7528:tid 1812] [client ::1:59953] PHP Notice:  Use of undefined constant year - assumed 'year' in C:\\xampp\\htdocs\\paperreco\\index.php on line 5
[Fri Apr 07 06:21:22.424987 2017] [:error] [pid 7528:tid 1812] [client ::1:59953] PHP Notice:  Use of undefined constant year - assumed 'year' in C:\\xampp\\htdocs\\paperreco\\index.php on line 5
[Fri Apr 07 06:21:22.425968 2017] [:error] [pid 7528:tid 1812] [client ::1:59953] PHP Notice:  Use of undefined constant year - assumed 'year' in C:\\xampp\\htdocs\\paperreco\\index.php on line 5
[Fri Apr 07 06:21:22.426945 2017] [:error] [pid 7528:tid 1812] [client ::1:59953] PHP Notice:  Use of undefined constant year - assumed 'year' in C:\\xampp\\htdocs\\paperreco\\index.php on line 5
[Fri Apr 07 06:21:22.427922 2017] [:error] [pid 7528:tid 1812] [client ::1:59953] PHP Notice:  Use of undefined constant year - assumed 'year' in C:\\xampp\\htdocs\\paperreco\\index.php on line 5
[Fri Apr 07 06:21:22.428900 2017] [:error] [pid 7528:tid 1812] [client ::1:59953] PHP Notice:  Use of undefined constant year - assumed 'year' in C:\\xampp\\htdocs\\paperreco\\index.php on line 5
[Fri Apr 07 06:21:22.431831 2017] [:error] [pid 7528:tid 1812] [client ::1:59953] PHP Notice:  Use of undefined constant year - assumed 'year' in C:\\xampp\\htdocs\\paperreco\\index.php on line 5
[Fri Apr 07 06:21:22.434763 2017] [:error] [pid 7528:tid 1812] [client ::1:59953] PHP Notice:  Use of undefined constant year - assumed 'year' in C:\\xampp\\htdocs\\paperreco\\index.php on line 5
[Fri Apr 07 06:21:22.439652 2017] [:error] [pid 7528:tid 1812] [client ::1:59953] PHP Notice:  Use of undefined constant year - assumed 'year' in C:\\xampp\\htdocs\\paperreco\\index.php on line 5
[Fri Apr 07 06:21:22.440628 2017] [:error] [pid 7528:tid 1812] [client ::1:59953] PHP Notice:  Use of undefined constant year - assumed 'year' in C:\\xampp\\htdocs\\paperreco\\index.php on line 5
[Fri Apr 07 06:21:22.442583 2017] [:error] [pid 7528:tid 1812] [client ::1:59953] PHP Notice:  Use of undefined constant year - assumed 'year' in C:\\xampp\\htdocs\\paperreco\\index.php on line 5
[Fri Apr 07 06:21:22.443561 2017] [:error] [pid 7528:tid 1812] [client ::1:59953] PHP Notice:  Use of undefined constant year - assumed 'year' in C:\\xampp\\htdocs\\paperreco\\index.php on line 5
[Fri Apr 07 06:21:22.445520 2017] [:error] [pid 7528:tid 1812] [client ::1:59953] PHP Notice:  Use of undefined constant year - assumed 'year' in C:\\xampp\\htdocs\\paperreco\\index.php on line 5
[Fri Apr 07 06:21:22.446496 2017] [:error] [pid 7528:tid 1812] [client ::1:59953] PHP Notice:  Use of undefined constant year - assumed 'year' in C:\\xampp\\htdocs\\paperreco\\index.php on line 5
[Fri Apr 07 06:21:22.448453 2017] [:error] [pid 7528:tid 1812] [client ::1:59953] PHP Notice:  Use of undefined constant year - assumed 'year' in C:\\xampp\\htdocs\\paperreco\\index.php on line 5
[Fri Apr 07 06:21:22.450403 2017] [:error] [pid 7528:tid 1812] [client ::1:59953] PHP Notice:  Use of undefined constant year - assumed 'year' in C:\\xampp\\htdocs\\paperreco\\index.php on line 5
[Fri Apr 07 06:21:22.452358 2017] [:error] [pid 7528:tid 1812] [client ::1:59953] PHP Notice:  Use of undefined constant year - assumed 'year' in C:\\xampp\\htdocs\\paperreco\\index.php on line 5
[Fri Apr 07 06:21:22.454314 2017] [:error] [pid 7528:tid 1812] [client ::1:59953] PHP Notice:  Use of undefined constant year - assumed 'year' in C:\\xampp\\htdocs\\paperreco\\index.php on line 5
[Fri Apr 07 06:21:22.455293 2017] [:error] [pid 7528:tid 1812] [client ::1:59953] PHP Notice:  Use of undefined constant year - assumed 'year' in C:\\xampp\\htdocs\\paperreco\\index.php on line 5
[Fri Apr 07 06:21:22.457248 2017] [:error] [pid 7528:tid 1812] [client ::1:59953] PHP Notice:  Use of undefined constant year - assumed 'year' in C:\\xampp\\htdocs\\paperreco\\index.php on line 5
[Fri Apr 07 06:21:22.464096 2017] [:error] [pid 7528:tid 1812] [client ::1:59953] PHP Notice:  Use of undefined constant year - assumed 'year' in C:\\xampp\\htdocs\\paperreco\\index.php on line 5
[Fri Apr 07 06:21:22.468979 2017] [:error] [pid 7528:tid 1812] [client ::1:59953] PHP Notice:  Use of undefined constant year - assumed 'year' in C:\\xampp\\htdocs\\paperreco\\index.php on line 5
[Fri Apr 07 06:21:22.470934 2017] [:error] [pid 7528:tid 1812] [client ::1:59953] PHP Notice:  Use of undefined constant year - assumed 'year' in C:\\xampp\\htdocs\\paperreco\\index.php on line 5
[Fri Apr 07 06:21:22.472889 2017] [:error] [pid 7528:tid 1812] [client ::1:59953] PHP Notice:  Use of undefined constant year - assumed 'year' in C:\\xampp\\htdocs\\paperreco\\index.php on line 5
[Fri Apr 07 06:21:22.474846 2017] [:error] [pid 7528:tid 1812] [client ::1:59953] PHP Notice:  Use of undefined constant year - assumed 'year' in C:\\xampp\\htdocs\\paperreco\\index.php on line 5
[Fri Apr 07 06:21:22.475821 2017] [:error] [pid 7528:tid 1812] [client ::1:59953] PHP Notice:  Use of undefined constant year - assumed 'year' in C:\\xampp\\htdocs\\paperreco\\index.php on line 5
[Fri Apr 07 06:21:22.476798 2017] [:error] [pid 7528:tid 1812] [client ::1:59953] PHP Notice:  Use of undefined constant year - assumed 'year' in C:\\xampp\\htdocs\\paperreco\\index.php on line 5
[Fri Apr 07 06:21:22.477777 2017] [:error] [pid 7528:tid 1812] [client ::1:59953] PHP Notice:  Use of undefined constant year - assumed 'year' in C:\\xampp\\htdocs\\paperreco\\index.php on line 5
[Fri Apr 07 06:21:22.479731 2017] [:error] [pid 7528:tid 1812] [client ::1:59953] PHP Notice:  Use of undefined constant year - assumed 'year' in C:\\xampp\\htdocs\\paperreco\\index.php on line 5
[Fri Apr 07 06:21:22.480708 2017] [:error] [pid 7528:tid 1812] [client ::1:59953] PHP Notice:  Use of undefined constant year - assumed 'year' in C:\\xampp\\htdocs\\paperreco\\index.php on line 5
[Fri Apr 07 06:21:22.481688 2017] [:error] [pid 7528:tid 1812] [client ::1:59953] PHP Notice:  Use of undefined constant year - assumed 'year' in C:\\xampp\\htdocs\\paperreco\\index.php on line 5
[Fri Apr 07 06:21:22.482668 2017] [:error] [pid 7528:tid 1812] [client ::1:59953] PHP Notice:  Use of undefined constant year - assumed 'year' in C:\\xampp\\htdocs\\paperreco\\index.php on line 5
[Fri Apr 07 06:21:22.483643 2017] [:error] [pid 7528:tid 1812] [client ::1:59953] PHP Notice:  Use of undefined constant year - assumed 'year' in C:\\xampp\\htdocs\\paperreco\\index.php on line 5
[Fri Apr 07 06:21:22.485598 2017] [:error] [pid 7528:tid 1812] [client ::1:59953] PHP Notice:  Use of undefined constant year - assumed 'year' in C:\\xampp\\htdocs\\paperreco\\index.php on line 5
[Fri Apr 07 06:21:22.487551 2017] [:error] [pid 7528:tid 1812] [client ::1:59953] PHP Notice:  Use of undefined constant year - assumed 'year' in C:\\xampp\\htdocs\\paperreco\\index.php on line 5
[Fri Apr 07 06:21:22.488529 2017] [:error] [pid 7528:tid 1812] [client ::1:59953] PHP Notice:  Use of undefined constant year - assumed 'year' in C:\\xampp\\htdocs\\paperreco\\index.php on line 5
[Fri Apr 07 06:21:22.490484 2017] [:error] [pid 7528:tid 1812] [client ::1:59953] PHP Notice:  Use of undefined constant year - assumed 'year' in C:\\xampp\\htdocs\\paperreco\\index.php on line 5
[Fri Apr 07 06:21:22.492439 2017] [:error] [pid 7528:tid 1812] [client ::1:59953] PHP Notice:  Use of undefined constant year - assumed 'year' in C:\\xampp\\htdocs\\paperreco\\index.php on line 5
[Fri Apr 07 06:21:22.493418 2017] [:error] [pid 7528:tid 1812] [client ::1:59953] PHP Notice:  Use of undefined constant year - assumed 'year' in C:\\xampp\\htdocs\\paperreco\\index.php on line 5
[Fri Apr 07 06:21:22.497335 2017] [:error] [pid 7528:tid 1812] [client ::1:59953] PHP Notice:  Use of undefined constant year - assumed 'year' in C:\\xampp\\htdocs\\paperreco\\index.php on line 5
[Fri Apr 07 06:21:22.500260 2017] [:error] [pid 7528:tid 1812] [client ::1:59953] PHP Notice:  Use of undefined constant year - assumed 'year' in C:\\xampp\\htdocs\\paperreco\\index.php on line 5
[Fri Apr 07 06:21:22.503194 2017] [:error] [pid 7528:tid 1812] [client ::1:59953] PHP Notice:  Use of undefined constant year - assumed 'year' in C:\\xampp\\htdocs\\paperreco\\index.php on line 5
[Fri Apr 07 06:21:22.504172 2017] [:error] [pid 7528:tid 1812] [client ::1:59953] PHP Notice:  Use of undefined constant year - assumed 'year' in C:\\xampp\\htdocs\\paperreco\\index.php on line 5
[Fri Apr 07 06:21:22.506125 2017] [:error] [pid 7528:tid 1812] [client ::1:59953] PHP Notice:  Use of undefined constant year - assumed 'year' in C:\\xampp\\htdocs\\paperreco\\index.php on line 5
[Fri Apr 07 06:21:22.507103 2017] [:error] [pid 7528:tid 1812] [client ::1:59953] PHP Notice:  Use of undefined constant year - assumed 'year' in C:\\xampp\\htdocs\\paperreco\\index.php on line 5
[Fri Apr 07 06:21:22.508081 2017] [:error] [pid 7528:tid 1812] [client ::1:59953] PHP Notice:  Use of undefined constant year - assumed 'year' in C:\\xampp\\htdocs\\paperreco\\index.php on line 5
[Fri Apr 07 06:21:22.509062 2017] [:error] [pid 7528:tid 1812] [client ::1:59953] PHP Notice:  Use of undefined constant year - assumed 'year' in C:\\xampp\\htdocs\\paperreco\\index.php on line 5
[Fri Apr 07 06:21:22.511014 2017] [:error] [pid 7528:tid 1812] [client ::1:59953] PHP Notice:  Use of undefined constant year - assumed 'year' in C:\\xampp\\htdocs\\paperreco\\index.php on line 5
[Fri Apr 07 06:21:22.511991 2017] [:error] [pid 7528:tid 1812] [client ::1:59953] PHP Notice:  Use of undefined constant year - assumed 'year' in C:\\xampp\\htdocs\\paperreco\\index.php on line 5
[Fri Apr 07 06:21:22.512969 2017] [:error] [pid 7528:tid 1812] [client ::1:59953] PHP Notice:  Use of undefined constant year - assumed 'year' in C:\\xampp\\htdocs\\paperreco\\index.php on line 5
[Fri Apr 07 06:21:22.513947 2017] [:error] [pid 7528:tid 1812] [client ::1:59953] PHP Notice:  Use of undefined constant year - assumed 'year' in C:\\xampp\\htdocs\\paperreco\\index.php on line 5
[Fri Apr 07 06:21:22.514924 2017] [:error] [pid 7528:tid 1812] [client ::1:59953] PHP Notice:  Use of undefined constant year - assumed 'year' in C:\\xampp\\htdocs\\paperreco\\index.php on line 5
[Fri Apr 07 06:21:22.516879 2017] [:error] [pid 7528:tid 1812] [client ::1:59953] PHP Notice:  Use of undefined constant year - assumed 'year' in C:\\xampp\\htdocs\\paperreco\\index.php on line 5
[Fri Apr 07 06:21:22.517857 2017] [:error] [pid 7528:tid 1812] [client ::1:59953] PHP Notice:  Use of undefined constant year - assumed 'year' in C:\\xampp\\htdocs\\paperreco\\index.php on line 5
[Fri Apr 07 06:21:22.519813 2017] [:error] [pid 7528:tid 1812] [client ::1:59953] PHP Notice:  Use of undefined constant year - assumed 'year' in C:\\xampp\\htdocs\\paperreco\\index.php on line 5
[Fri Apr 07 06:21:22.520790 2017] [:error] [pid 7528:tid 1812] [client ::1:59953] PHP Notice:  Use of undefined constant year - assumed 'year' in C:\\xampp\\htdocs\\paperreco\\index.php on line 5
[Fri Apr 07 06:21:22.521772 2017] [:error] [pid 7528:tid 1812] [client ::1:59953] PHP Notice:  Use of undefined constant year - assumed 'year' in C:\\xampp\\htdocs\\paperreco\\index.php on line 5
[Fri Apr 07 06:21:22.523724 2017] [:error] [pid 7528:tid 1812] [client ::1:59953] PHP Notice:  Use of undefined constant year - assumed 'year' in C:\\xampp\\htdocs\\paperreco\\index.php on line 5
[Fri Apr 07 06:21:22.524700 2017] [:error] [pid 7528:tid 1812] [client ::1:59953] PHP Notice:  Use of undefined constant year - assumed 'year' in C:\\xampp\\htdocs\\paperreco\\index.php on line 5
[Fri Apr 07 06:21:22.525677 2017] [:error] [pid 7528:tid 1812] [client ::1:59953] PHP Notice:  Use of undefined constant year - assumed 'year' in C:\\xampp\\htdocs\\paperreco\\index.php on line 5
[Fri Apr 07 06:21:22.526655 2017] [:error] [pid 7528:tid 1812] [client ::1:59953] PHP Notice:  Use of undefined constant year - assumed 'year' in C:\\xampp\\htdocs\\paperreco\\index.php on line 5
[Fri Apr 07 06:21:22.529588 2017] [:error] [pid 7528:tid 1812] [client ::1:59953] PHP Notice:  Use of undefined constant year - assumed 'year' in C:\\xampp\\htdocs\\paperreco\\index.php on line 5
[Fri Apr 07 06:21:22.531543 2017] [:error] [pid 7528:tid 1812] [client ::1:59953] PHP Notice:  Use of undefined constant year - assumed 'year' in C:\\xampp\\htdocs\\paperreco\\index.php on line 5
[Fri Apr 07 06:21:22.535458 2017] [:error] [pid 7528:tid 1812] [client ::1:59953] PHP Notice:  Use of undefined constant year - assumed 'year' in C:\\xampp\\htdocs\\paperreco\\index.php on line 5
[Fri Apr 07 06:21:22.536431 2017] [:error] [pid 7528:tid 1812] [client ::1:59953] PHP Notice:  Use of undefined constant year - assumed 'year' in C:\\xampp\\htdocs\\paperreco\\index.php on line 5
[Fri Apr 07 06:21:22.539364 2017] [:error] [pid 7528:tid 1812] [client ::1:59953] PHP Notice:  Use of undefined constant year - assumed 'year' in C:\\xampp\\htdocs\\paperreco\\index.php on line 5
[Fri Apr 07 06:21:22.540341 2017] [:error] [pid 7528:tid 1812] [client ::1:59953] PHP Notice:  Use of undefined constant year - assumed 'year' in C:\\xampp\\htdocs\\paperreco\\index.php on line 5
[Fri Apr 07 06:21:22.542296 2017] [:error] [pid 7528:tid 1812] [client ::1:59953] PHP Notice:  Use of undefined constant year - assumed 'year' in C:\\xampp\\htdocs\\paperreco\\index.php on line 5
[Fri Apr 07 06:21:22.543274 2017] [:error] [pid 7528:tid 1812] [client ::1:59953] PHP Notice:  Use of undefined constant year - assumed 'year' in C:\\xampp\\htdocs\\paperreco\\index.php on line 5
[Fri Apr 07 06:21:22.544252 2017] [:error] [pid 7528:tid 1812] [client ::1:59953] PHP Notice:  Use of undefined constant year - assumed 'year' in C:\\xampp\\htdocs\\paperreco\\index.php on line 5
[Fri Apr 07 06:21:22.545230 2017] [:error] [pid 7528:tid 1812] [client ::1:59953] PHP Notice:  Use of undefined constant year - assumed 'year' in C:\\xampp\\htdocs\\paperreco\\index.php on line 5
[Fri Apr 07 06:21:22.547184 2017] [:error] [pid 7528:tid 1812] [client ::1:59953] PHP Notice:  Use of undefined constant year - assumed 'year' in C:\\xampp\\htdocs\\paperreco\\index.php on line 5
[Fri Apr 07 06:21:22.548162 2017] [:error] [pid 7528:tid 1812] [client ::1:59953] PHP Notice:  Use of undefined constant year - assumed 'year' in C:\\xampp\\htdocs\\paperreco\\index.php on line 5
[Fri Apr 07 06:21:22.549139 2017] [:error] [pid 7528:tid 1812] [client ::1:59953] PHP Notice:  Use of undefined constant year - assumed 'year' in C:\\xampp\\htdocs\\paperreco\\index.php on line 5
[Fri Apr 07 06:21:22.552072 2017] [:error] [pid 7528:tid 1812] [client ::1:59953] PHP Notice:  Use of undefined constant year - assumed 'year' in C:\\xampp\\htdocs\\paperreco\\index.php on line 5
[Fri Apr 07 06:21:22.554027 2017] [:error] [pid 7528:tid 1812] [client ::1:59953] PHP Notice:  Use of undefined constant year - assumed 'year' in C:\\xampp\\htdocs\\paperreco\\index.php on line 5
[Fri Apr 07 06:21:22.555004 2017] [:error] [pid 7528:tid 1812] [client ::1:59953] PHP Notice:  Use of undefined constant year - assumed 'year' in C:\\xampp\\htdocs\\paperreco\\index.php on line 5
[Fri Apr 07 06:21:22.556960 2017] [:error] [pid 7528:tid 1812] [client ::1:59953] PHP Notice:  Use of undefined constant year - assumed 'year' in C:\\xampp\\htdocs\\paperreco\\index.php on line 5
[Fri Apr 07 06:21:22.557938 2017] [:error] [pid 7528:tid 1812] [client ::1:59953] PHP Notice:  Use of undefined constant year - assumed 'year' in C:\\xampp\\htdocs\\paperreco\\index.php on line 5
[Fri Apr 07 06:21:22.559893 2017] [:error] [pid 7528:tid 1812] [client ::1:59953] PHP Notice:  Use of undefined constant year - assumed 'year' in C:\\xampp\\htdocs\\paperreco\\index.php on line 5
[Fri Apr 07 06:21:22.561848 2017] [:error] [pid 7528:tid 1812] [client ::1:59953] PHP Notice:  Use of undefined constant year - assumed 'year' in C:\\xampp\\htdocs\\paperreco\\index.php on line 5
[Fri Apr 07 06:21:22.563803 2017] [:error] [pid 7528:tid 1812] [client ::1:59953] PHP Notice:  Use of undefined constant year - assumed 'year' in C:\\xampp\\htdocs\\paperreco\\index.php on line 5
[Fri Apr 07 06:21:22.565758 2017] [:error] [pid 7528:tid 1812] [client ::1:59953] PHP Notice:  Use of undefined constant year - assumed 'year' in C:\\xampp\\htdocs\\paperreco\\index.php on line 5
[Fri Apr 07 06:21:22.566735 2017] [:error] [pid 7528:tid 1812] [client ::1:59953] PHP Notice:  Use of undefined constant year - assumed 'year' in C:\\xampp\\htdocs\\paperreco\\index.php on line 5
[Fri Apr 07 06:21:22.567713 2017] [:error] [pid 7528:tid 1812] [client ::1:59953] PHP Notice:  Use of undefined constant year - assumed 'year' in C:\\xampp\\htdocs\\paperreco\\index.php on line 5
[Fri Apr 07 06:21:22.569669 2017] [:error] [pid 7528:tid 1812] [client ::1:59953] PHP Notice:  Use of undefined constant year - assumed 'year' in C:\\xampp\\htdocs\\paperreco\\index.php on line 5
[Fri Apr 07 06:21:22.570650 2017] [:error] [pid 7528:tid 1812] [client ::1:59953] PHP Notice:  Use of undefined constant year - assumed 'year' in C:\\xampp\\htdocs\\paperreco\\index.php on line 5
[Fri Apr 07 06:21:22.571624 2017] [:error] [pid 7528:tid 1812] [client ::1:59953] PHP Notice:  Use of undefined constant year - assumed 'year' in C:\\xampp\\htdocs\\paperreco\\index.php on line 5
[Fri Apr 07 06:21:22.572601 2017] [:error] [pid 7528:tid 1812] [client ::1:59953] PHP Notice:  Use of undefined constant year - assumed 'year' in C:\\xampp\\htdocs\\paperreco\\index.php on line 5
[Fri Apr 07 06:21:22.574557 2017] [:error] [pid 7528:tid 1812] [client ::1:59953] PHP Notice:  Use of undefined constant year - assumed 'year' in C:\\xampp\\htdocs\\paperreco\\index.php on line 5
[Fri Apr 07 06:21:22.617569 2017] [:error] [pid 7528:tid 1812] [client ::1:59953] PHP Notice:  Use of undefined constant year - assumed 'year' in C:\\xampp\\htdocs\\paperreco\\index.php on line 5
[Fri Apr 07 06:21:22.625391 2017] [:error] [pid 7528:tid 1812] [client ::1:59953] PHP Notice:  Use of undefined constant year - assumed 'year' in C:\\xampp\\htdocs\\paperreco\\index.php on line 5
[Fri Apr 07 06:21:22.626369 2017] [:error] [pid 7528:tid 1812] [client ::1:59953] PHP Notice:  Use of undefined constant year - assumed 'year' in C:\\xampp\\htdocs\\paperreco\\index.php on line 5
[Fri Apr 07 06:21:22.628323 2017] [:error] [pid 7528:tid 1812] [client ::1:59953] PHP Notice:  Use of undefined constant year - assumed 'year' in C:\\xampp\\htdocs\\paperreco\\index.php on line 5
[Fri Apr 07 06:21:22.629301 2017] [:error] [pid 7528:tid 1812] [client ::1:59953] PHP Notice:  Use of undefined constant year - assumed 'year' in C:\\xampp\\htdocs\\paperreco\\index.php on line 5
[Fri Apr 07 06:21:22.630278 2017] [:error] [pid 7528:tid 1812] [client ::1:59953] PHP Notice:  Use of undefined constant year - assumed 'year' in C:\\xampp\\htdocs\\paperreco\\index.php on line 5
[Fri Apr 07 06:21:22.632233 2017] [:error] [pid 7528:tid 1812] [client ::1:59953] PHP Notice:  Use of undefined constant year - assumed 'year' in C:\\xampp\\htdocs\\paperreco\\index.php on line 5
[Fri Apr 07 06:21:22.634189 2017] [:error] [pid 7528:tid 1812] [client ::1:59953] PHP Notice:  Use of undefined constant year - assumed 'year' in C:\\xampp\\htdocs\\paperreco\\index.php on line 5
[Fri Apr 07 06:21:22.636144 2017] [:error] [pid 7528:tid 1812] [client ::1:59953] PHP Notice:  Use of undefined constant year - assumed 'year' in C:\\xampp\\htdocs\\paperreco\\index.php on line 5
[Fri Apr 07 06:21:22.637121 2017] [:error] [pid 7528:tid 1812] [client ::1:59953] PHP Notice:  Use of undefined constant year - assumed 'year' in C:\\xampp\\htdocs\\paperreco\\index.php on line 5
[Fri Apr 07 06:21:22.638099 2017] [:error] [pid 7528:tid 1812] [client ::1:59953] PHP Notice:  Use of undefined constant year - assumed 'year' in C:\\xampp\\htdocs\\paperreco\\index.php on line 5
[Fri Apr 07 06:21:22.640054 2017] [:error] [pid 7528:tid 1812] [client ::1:59953] PHP Notice:  Use of undefined constant year - assumed 'year' in C:\\xampp\\htdocs\\paperreco\\index.php on line 5
[Fri Apr 07 06:21:22.641032 2017] [:error] [pid 7528:tid 1812] [client ::1:59953] PHP Notice:  Use of undefined constant year - assumed 'year' in C:\\xampp\\htdocs\\paperreco\\index.php on line 5
[Fri Apr 07 06:21:22.642009 2017] [:error] [pid 7528:tid 1812] [client ::1:59953] PHP Notice:  Use of undefined constant year - assumed 'year' in C:\\xampp\\htdocs\\paperreco\\index.php on line 5
[Fri Apr 07 06:21:22.643965 2017] [:error] [pid 7528:tid 1812] [client ::1:59953] PHP Notice:  Use of undefined constant year - assumed 'year' in C:\\xampp\\htdocs\\paperreco\\index.php on line 5
[Fri Apr 07 06:21:22.644941 2017] [:error] [pid 7528:tid 1812] [client ::1:59953] PHP Notice:  Use of undefined constant year - assumed 'year' in C:\\xampp\\htdocs\\paperreco\\index.php on line 5
[Fri Apr 07 06:21:22.645920 2017] [:error] [pid 7528:tid 1812] [client ::1:59953] PHP Notice:  Use of undefined constant year - assumed 'year' in C:\\xampp\\htdocs\\paperreco\\index.php on line 5
[Fri Apr 07 06:21:22.646897 2017] [:error] [pid 7528:tid 1812] [client ::1:59953] PHP Notice:  Use of undefined constant year - assumed 'year' in C:\\xampp\\htdocs\\paperreco\\index.php on line 5
[Fri Apr 07 06:21:22.648852 2017] [:error] [pid 7528:tid 1812] [client ::1:59953] PHP Notice:  Use of undefined constant year - assumed 'year' in C:\\xampp\\htdocs\\paperreco\\index.php on line 5
[Fri Apr 07 06:21:22.650808 2017] [:error] [pid 7528:tid 1812] [client ::1:59953] PHP Notice:  Use of undefined constant year - assumed 'year' in C:\\xampp\\htdocs\\paperreco\\index.php on line 5
[Fri Apr 07 06:21:22.659606 2017] [:error] [pid 7528:tid 1812] [client ::1:59953] PHP Notice:  Use of undefined constant year - assumed 'year' in C:\\xampp\\htdocs\\paperreco\\index.php on line 5
[Fri Apr 07 06:21:22.683067 2017] [:error] [pid 7528:tid 1812] [client ::1:59953] PHP Notice:  Use of undefined constant year - assumed 'year' in C:\\xampp\\htdocs\\paperreco\\index.php on line 5
[Fri Apr 07 06:21:22.686978 2017] [:error] [pid 7528:tid 1812] [client ::1:59953] PHP Notice:  Use of undefined constant year - assumed 'year' in C:\\xampp\\htdocs\\paperreco\\index.php on line 5
[Fri Apr 07 06:21:22.704574 2017] [:error] [pid 7528:tid 1812] [client ::1:59953] PHP Notice:  Use of undefined constant year - assumed 'year' in C:\\xampp\\htdocs\\paperreco\\index.php on line 5
[Fri Apr 07 06:21:22.706529 2017] [:error] [pid 7528:tid 1812] [client ::1:59953] PHP Notice:  Use of undefined constant year - assumed 'year' in C:\\xampp\\htdocs\\paperreco\\index.php on line 5
[Fri Apr 07 06:21:22.707507 2017] [:error] [pid 7528:tid 1812] [client ::1:59953] PHP Notice:  Use of undefined constant year - assumed 'year' in C:\\xampp\\htdocs\\paperreco\\index.php on line 5
[Fri Apr 07 06:21:22.708484 2017] [:error] [pid 7528:tid 1812] [client ::1:59953] PHP Notice:  Use of undefined constant year - assumed 'year' in C:\\xampp\\htdocs\\paperreco\\index.php on line 5
[Fri Apr 07 06:21:22.709461 2017] [:error] [pid 7528:tid 1812] [client ::1:59953] PHP Notice:  Use of undefined constant year - assumed 'year' in C:\\xampp\\htdocs\\paperreco\\index.php on line 5
[Fri Apr 07 06:21:22.711416 2017] [:error] [pid 7528:tid 1812] [client ::1:59953] PHP Notice:  Use of undefined constant year - assumed 'year' in C:\\xampp\\htdocs\\paperreco\\index.php on line 5
[Fri Apr 07 06:21:22.712394 2017] [:error] [pid 7528:tid 1812] [client ::1:59953] PHP Notice:  Use of undefined constant year - assumed 'year' in C:\\xampp\\htdocs\\paperreco\\index.php on line 5
[Fri Apr 07 06:21:22.713372 2017] [:error] [pid 7528:tid 1812] [client ::1:59953] PHP Notice:  Use of undefined constant year - assumed 'year' in C:\\xampp\\htdocs\\paperreco\\index.php on line 5
[Fri Apr 07 06:21:22.714349 2017] [:error] [pid 7528:tid 1812] [client ::1:59953] PHP Notice:  Use of undefined constant year - assumed 'year' in C:\\xampp\\htdocs\\paperreco\\index.php on line 5
[Fri Apr 07 06:21:22.716304 2017] [:error] [pid 7528:tid 1812] [client ::1:59953] PHP Notice:  Use of undefined constant year - assumed 'year' in C:\\xampp\\htdocs\\paperreco\\index.php on line 5
[Fri Apr 07 06:21:22.717286 2017] [:error] [pid 7528:tid 1812] [client ::1:59953] PHP Notice:  Use of undefined constant year - assumed 'year' in C:\\xampp\\htdocs\\paperreco\\index.php on line 5
[Fri Apr 07 06:21:22.718260 2017] [:error] [pid 7528:tid 1812] [client ::1:59953] PHP Notice:  Use of undefined constant year - assumed 'year' in C:\\xampp\\htdocs\\paperreco\\index.php on line 5
[Fri Apr 07 06:21:22.719239 2017] [:error] [pid 7528:tid 1812] [client ::1:59953] PHP Notice:  Use of undefined constant year - assumed 'year' in C:\\xampp\\htdocs\\paperreco\\index.php on line 5
[Fri Apr 07 06:21:22.721193 2017] [:error] [pid 7528:tid 1812] [client ::1:59953] PHP Notice:  Use of undefined constant year - assumed 'year' in C:\\xampp\\htdocs\\paperreco\\index.php on line 5
[Fri Apr 07 06:21:22.723148 2017] [:error] [pid 7528:tid 1812] [client ::1:59953] PHP Notice:  Use of undefined constant year - assumed 'year' in C:\\xampp\\htdocs\\paperreco\\index.php on line 5
[Fri Apr 07 06:21:22.725104 2017] [:error] [pid 7528:tid 1812] [client ::1:59953] PHP Notice:  Use of undefined constant year - assumed 'year' in C:\\xampp\\htdocs\\paperreco\\index.php on line 5
[Fri Apr 07 06:21:22.726081 2017] [:error] [pid 7528:tid 1812] [client ::1:59953] PHP Notice:  Use of undefined constant year - assumed 'year' in C:\\xampp\\htdocs\\paperreco\\index.php on line 5
[Fri Apr 07 06:21:22.727058 2017] [:error] [pid 7528:tid 1812] [client ::1:59953] PHP Notice:  Use of undefined constant year - assumed 'year' in C:\\xampp\\htdocs\\paperreco\\index.php on line 5
[Fri Apr 07 06:21:22.729014 2017] [:error] [pid 7528:tid 1812] [client ::1:59953] PHP Notice:  Use of undefined constant year - assumed 'year' in C:\\xampp\\htdocs\\paperreco\\index.php on line 5
[Fri Apr 07 06:21:22.732924 2017] [:error] [pid 7528:tid 1812] [client ::1:59953] PHP Notice:  Use of undefined constant year - assumed 'year' in C:\\xampp\\htdocs\\paperreco\\index.php on line 5
[Fri Apr 07 06:21:22.734879 2017] [:error] [pid 7528:tid 1812] [client ::1:59953] PHP Notice:  Use of undefined constant year - assumed 'year' in C:\\xampp\\htdocs\\paperreco\\index.php on line 5
[Fri Apr 07 06:21:22.736834 2017] [:error] [pid 7528:tid 1812] [client ::1:59953] PHP Notice:  Use of undefined constant year - assumed 'year' in C:\\xampp\\htdocs\\paperreco\\index.php on line 5
[Fri Apr 07 06:21:22.737812 2017] [:error] [pid 7528:tid 1812] [client ::1:59953] PHP Notice:  Use of undefined constant year - assumed 'year' in C:\\xampp\\htdocs\\paperreco\\index.php on line 5
[Fri Apr 07 06:21:22.739766 2017] [:error] [pid 7528:tid 1812] [client ::1:59953] PHP Notice:  Use of undefined constant year - assumed 'year' in C:\\xampp\\htdocs\\paperreco\\index.php on line 5
[Fri Apr 07 06:21:22.740744 2017] [:error] [pid 7528:tid 1812] [client ::1:59953] PHP Notice:  Use of undefined constant year - assumed 'year' in C:\\xampp\\htdocs\\paperreco\\index.php on line 5
[Fri Apr 07 06:21:22.752476 2017] [:error] [pid 7528:tid 1812] [client ::1:59953] PHP Notice:  Use of undefined constant year - assumed 'year' in C:\\xampp\\htdocs\\paperreco\\index.php on line 5
[Fri Apr 07 06:21:22.754431 2017] [:error] [pid 7528:tid 1812] [client ::1:59953] PHP Notice:  Use of undefined constant year - assumed 'year' in C:\\xampp\\htdocs\\paperreco\\index.php on line 5
[Fri Apr 07 06:21:22.755408 2017] [:error] [pid 7528:tid 1812] [client ::1:59953] PHP Notice:  Use of undefined constant year - assumed 'year' in C:\\xampp\\htdocs\\paperreco\\index.php on line 5
[Fri Apr 07 06:21:22.756385 2017] [:error] [pid 7528:tid 1812] [client ::1:59953] PHP Notice:  Use of undefined constant year - assumed 'year' in C:\\xampp\\htdocs\\paperreco\\index.php on line 5
[Fri Apr 07 06:21:22.758340 2017] [:error] [pid 7528:tid 1812] [client ::1:59953] PHP Notice:  Use of undefined constant year - assumed 'year' in C:\\xampp\\htdocs\\paperreco\\index.php on line 5
[Fri Apr 07 06:21:22.759318 2017] [:error] [pid 7528:tid 1812] [client ::1:59953] PHP Notice:  Use of undefined constant year - assumed 'year' in C:\\xampp\\htdocs\\paperreco\\index.php on line 5
[Fri Apr 07 06:21:22.760296 2017] [:error] [pid 7528:tid 1812] [client ::1:59953] PHP Notice:  Use of undefined constant year - assumed 'year' in C:\\xampp\\htdocs\\paperreco\\index.php on line 5
[Fri Apr 07 06:21:22.761272 2017] [:error] [pid 7528:tid 1812] [client ::1:59953] PHP Notice:  Use of undefined constant year - assumed 'year' in C:\\xampp\\htdocs\\paperreco\\index.php on line 5
[Fri Apr 07 06:21:22.762250 2017] [:error] [pid 7528:tid 1812] [client ::1:59953] PHP Notice:  Use of undefined constant year - assumed 'year' in C:\\xampp\\htdocs\\paperreco\\index.php on line 5
[Fri Apr 07 06:21:22.763228 2017] [:error] [pid 7528:tid 1812] [client ::1:59953] PHP Notice:  Use of undefined constant year - assumed 'year' in C:\\xampp\\htdocs\\paperreco\\index.php on line 5
[Fri Apr 07 06:21:22.764205 2017] [:error] [pid 7528:tid 1812] [client ::1:59953] PHP Notice:  Use of undefined constant year - assumed 'year' in C:\\xampp\\htdocs\\paperreco\\index.php on line 5
[Fri Apr 07 06:21:22.766161 2017] [:error] [pid 7528:tid 1812] [client ::1:59953] PHP Notice:  Use of undefined constant year - assumed 'year' in C:\\xampp\\htdocs\\paperreco\\index.php on line 5
[Fri Apr 07 06:21:22.767138 2017] [:error] [pid 7528:tid 1812] [client ::1:59953] PHP Notice:  Use of undefined constant year - assumed 'year' in C:\\xampp\\htdocs\\paperreco\\index.php on line 5
[Fri Apr 07 06:21:22.768116 2017] [:error] [pid 7528:tid 1812] [client ::1:59953] PHP Notice:  Use of undefined constant year - assumed 'year' in C:\\xampp\\htdocs\\paperreco\\index.php on line 5
[Fri Apr 07 06:21:22.769106 2017] [:error] [pid 7528:tid 1812] [client ::1:59953] PHP Notice:  Use of undefined constant year - assumed 'year' in C:\\xampp\\htdocs\\paperreco\\index.php on line 5
[Fri Apr 07 06:21:22.770071 2017] [:error] [pid 7528:tid 1812] [client ::1:59953] PHP Notice:  Use of undefined constant year - assumed 'year' in C:\\xampp\\htdocs\\paperreco\\index.php on line 5
[Fri Apr 07 06:21:22.772027 2017] [:error] [pid 7528:tid 1812] [client ::1:59953] PHP Notice:  Use of undefined constant year - assumed 'year' in C:\\xampp\\htdocs\\paperreco\\index.php on line 5
[Fri Apr 07 06:30:00.750950 2017] [:error] [pid 7528:tid 1812] [client ::1:60044] PHP Warning:  file(D:\\DataSet-google-scholar\\recommendation.txt): failed to open stream: No such file or directory in C:\\xampp\\htdocs\\paperreco\\index.php on line 35
[Fri Apr 07 06:30:00.752949 2017] [:error] [pid 7528:tid 1812] [client ::1:60044] PHP Warning:  Invalid argument supplied for foreach() in C:\\xampp\\htdocs\\paperreco\\index.php on line 36
[Thu May 04 09:44:36.093288 2017] [ssl:warn] [pid 2408:tid 404] AH01909: www.example.com:443:0 server certificate does NOT include an ID which matches the server name
[Thu May 04 09:44:36.185592 2017] [core:warn] [pid 2408:tid 404] AH00098: pid file C:/xampp/apache/logs/httpd.pid overwritten -- Unclean shutdown of previous Apache run?
[Thu May 04 09:44:36.280655 2017] [ssl:warn] [pid 2408:tid 404] AH01909: www.example.com:443:0 server certificate does NOT include an ID which matches the server name
PHP Warning:  Module 'openssl' already loaded in Unknown on line 0
[Thu May 04 09:44:37.429881 2017] [mpm_winnt:notice] [pid 2408:tid 404] AH00455: Apache/2.4.23 (Win32) OpenSSL/1.0.2h PHP/5.6.24 configured -- resuming normal operations
[Thu May 04 09:44:37.429881 2017] [mpm_winnt:notice] [pid 2408:tid 404] AH00456: Apache Lounge VC11 Server built: Jul  7 2016 11:13:22
[Thu May 04 09:44:37.430881 2017] [core:notice] [pid 2408:tid 404] AH00094: Command line: 'c:\\xampp\\apache\\bin\\httpd.exe -d C:/xampp/apache'
[Thu May 04 09:44:37.436885 2017] [mpm_winnt:notice] [pid 2408:tid 404] AH00418: Parent: Created child process 156
[Thu May 04 09:44:38.086851 2017] [ssl:warn] [pid 156:tid 384] AH01909: www.example.com:443:0 server certificate does NOT include an ID which matches the server name
[Thu May 04 09:44:38.258180 2017] [ssl:warn] [pid 156:tid 384] AH01909: www.example.com:443:0 server certificate does NOT include an ID which matches the server name
PHP Warning:  Module 'openssl' already loaded in Unknown on line 0
[Thu May 04 09:44:38.306213 2017] [mpm_winnt:notice] [pid 156:tid 384] AH00354: Child: Starting 150 worker threads.